The target system is: Darwin - 1 - 
The host system is: Darwin - 17.4.0 - x86_64
Compiling the C compiler identification source file "CMakeCCompilerId.c" succeeded.
Compiler:  
Build flags: 
Id flags:  

The output was:
0
=== BUILD TARGET CompilerIdC OF PROJECT CompilerIdC WITH THE DEFAULT CONFIGURATION (Debug) ===

Check dependencies

Write auxiliary files
write-file /Users/radvani/Source/ViroFreetype/ios/build/CMakeFiles/3.10.2/CompilerIdC/CompilerIdC.build/Debug-iphoneos/CompilerIdC.build/CompilerIdC-all-target-headers.hmap
write-file /Users/radvani/Source/ViroFreetype/ios/build/CMakeFiles/3.10.2/CompilerIdC/CompilerIdC.build/Debug-iphoneos/CompilerIdC.build/CompilerIdC-all-non-framework-target-headers.hmap
write-file /Users/radvani/Source/ViroFreetype/ios/build/CMakeFiles/3.10.2/CompilerIdC/CompilerIdC.build/Debug-iphoneos/CompilerIdC.build/CompilerIdC-project-headers.hmap
/bin/mkdir -p /Users/radvani/Source/ViroFreetype/ios/build/CMakeFiles/3.10.2/CompilerIdC/CompilerIdC.build/Debug-iphoneos/CompilerIdC.build/Objects-normal/arm64
write-file /Users/radvani/Source/ViroFreetype/ios/build/CMakeFiles/3.10.2/CompilerIdC/CompilerIdC.build/Debug-iphoneos/CompilerIdC.build/Objects-normal/arm64/CompilerIdC.LinkFileList
write-file /Users/radvani/Source/ViroFreetype/ios/build/CMakeFiles/3.10.2/CompilerIdC/CompilerIdC.build/Debug-iphoneos/CompilerIdC.build/CompilerIdC-generated-files.hmap
write-file /Users/radvani/Source/ViroFreetype/ios/build/CMakeFiles/3.10.2/CompilerIdC/CompilerIdC.build/Debug-iphoneos/CompilerIdC.build/Script-2C8FEB8E15DC1A1A00E56A5D.sh
chmod 0755 /Users/radvani/Source/ViroFreetype/ios/build/CMakeFiles/3.10.2/CompilerIdC/CompilerIdC.build/Debug-iphoneos/CompilerIdC.build/Script-2C8FEB8E15DC1A1A00E56A5D.sh
write-file /Users/radvani/Source/ViroFreetype/ios/build/CMakeFiles/3.10.2/CompilerIdC/CompilerIdC.build/Debug-iphoneos/CompilerIdC.build/CompilerIdC.hmap
write-file /Users/radvani/Source/ViroFreetype/ios/build/CMakeFiles/3.10.2/CompilerIdC/CompilerIdC.build/Debug-iphoneos/CompilerIdC.build/CompilerIdC-own-target-headers.hmap

Create product structure
/bin/mkdir -p /Users/radvani/Source/ViroFreetype/ios/build/CMakeFiles/3.10.2/CompilerIdC/CompilerIdC.xctest

CompileC CompilerIdC.build/Debug-iphoneos/CompilerIdC.build/Objects-normal/arm64/CMakeCCompilerId.o CMakeCCompilerId.c normal arm64 c com.apple.compilers.llvm.clang.1_0.compiler
    cd /Users/radvani/Source/ViroFreetype/ios/build/CMakeFiles/3.10.2/CompilerIdC
    export LANG=en_US.US-ASCII
    export PATH="/Applications/Xcode.app/Contents/Developer/Platforms/iPhoneOS.platform/Developer/usr/bin:/Applications/Xcode.app/Contents/Developer/usr/bin:/usr/local/bin:/usr/bin:/bin:/usr/sbin:/sbin:/opt/X11/bin:/Library/Frameworks/Mono.framework/Versions/Current/Commands:/Users/radvani/Library/Android/sdk/platform-tools/:/Users/radvani/Library/Android/sdk/build-tools/25.0.0/"
    /Applications/Xcode.app/Contents/Developer/Toolchains/XcodeDefault.xctoolchain/usr/bin/clang -x c -arch arm64 -fmessage-length=0 -fdiagnostics-show-note-include-stack -fmacro-backtrace-limit=0 -Wno-trigraphs -fpascal-strings -Os -Wno-missing-field-initializers -Wno-missing-prototypes -Wno-return-type -Wno-missing-braces -Wparentheses -Wswitch -Wno-unused-function -Wno-unused-label -Wno-unused-parameter -Wno-unused-variable -Wunused-value -Wno-empty-body -Wno-uninitialized -Wno-unknown-pragmas -Wno-shadow -Wno-four-char-constants -Wno-conversion -Wno-constant-conversion -Wno-int-conversion -Wno-bool-conversion -Wno-enum-conversion -Wno-float-conversion -Wno-non-literal-null-conversion -Wno-objc-literal-conversion -Wshorten-64-to-32 -Wpointer-sign -Wno-newline-eof -isysroot /Applications/Xcode.app/Contents/Developer/Platforms/iPhoneOS.platform/Developer/SDKs/iPhoneOS11.2.sdk -fstrict-aliasing -Wdeprecated-declarations -miphoneos-version-min=11.2 -g -Wno-sign-conversion -Wno-infinite-recursion -Wno-comma -Wno-block-capture-autoreleasing -Wno-strict-prototypes -I/Users/radvani/Source/ViroFreetype/ios/build/CMakeFiles/3.10.2/CompilerIdC/CompilerIdC.build/Debug-iphoneos/CompilerIdC.build/CompilerIdC.hmap -I/Users/radvani/Source/ViroFreetype/ios/build/CMakeFiles/3.10.2/CompilerIdC/include -I/Users/radvani/Source/ViroFreetype/ios/build/CMakeFiles/3.10.2/CompilerIdC/CompilerIdC.build/Debug-iphoneos/CompilerIdC.build/DerivedSources/arm64 -I/Users/radvani/Source/ViroFreetype/ios/build/CMakeFiles/3.10.2/CompilerIdC/CompilerIdC.build/Debug-iphoneos/CompilerIdC.build/DerivedSources -F/Users/radvani/Source/ViroFreetype/ios/build/CMakeFiles/3.10.2/CompilerIdC -iframework /Applications/Xcode.app/Contents/Developer/Platforms/iPhoneOS.platform/Developer/Library/Frameworks -MMD -MT dependencies -MF /Users/radvani/Source/ViroFreetype/ios/build/CMakeFiles/3.10.2/CompilerIdC/CompilerIdC.build/Debug-iphoneos/CompilerIdC.build/Objects-normal/arm64/CMakeCCompilerId.d --serialize-diagnostics /Users/radvani/Source/ViroFreetype/ios/build/CMakeFiles/3.10.2/CompilerIdC/CompilerIdC.build/Debug-iphoneos/CompilerIdC.build/Objects-normal/arm64/CMakeCCompilerId.dia -c /Users/radvani/Source/ViroFreetype/ios/build/CMakeFiles/3.10.2/CompilerIdC/CMakeCCompilerId.c -o /Users/radvani/Source/ViroFreetype/ios/build/CMakeFiles/3.10.2/CompilerIdC/CompilerIdC.build/Debug-iphoneos/CompilerIdC.build/Objects-normal/arm64/CMakeCCompilerId.o

Ld CompilerIdC.xctest/CompilerIdC normal arm64
    cd /Users/radvani/Source/ViroFreetype/ios/build/CMakeFiles/3.10.2/CompilerIdC
    export IPHONEOS_DEPLOYMENT_TARGET=11.2
    export PATH="/Applications/Xcode.app/Contents/Developer/Platforms/iPhoneOS.platform/Developer/usr/bin:/Applications/Xcode.app/Contents/Developer/usr/bin:/usr/local/bin:/usr/bin:/bin:/usr/sbin:/sbin:/opt/X11/bin:/Library/Frameworks/Mono.framework/Versions/Current/Commands:/Users/radvani/Library/Android/sdk/platform-tools/:/Users/radvani/Library/Android/sdk/build-tools/25.0.0/"
    /Applications/Xcode.app/Contents/Developer/Toolchains/XcodeDefault.xctoolchain/usr/bin/clang -arch arm64 -bundle -isysroot /Applications/Xcode.app/Contents/Developer/Platforms/iPhoneOS.platform/Developer/SDKs/iPhoneOS11.2.sdk -L/Users/radvani/Source/ViroFreetype/ios/build/CMakeFiles/3.10.2/CompilerIdC -F/Users/radvani/Source/ViroFreetype/ios/build/CMakeFiles/3.10.2/CompilerIdC -F/Applications/Xcode.app/Contents/Developer/Platforms/iPhoneOS.platform/Developer/Library/Frameworks -filelist /Users/radvani/Source/ViroFreetype/ios/build/CMakeFiles/3.10.2/CompilerIdC/CompilerIdC.build/Debug-iphoneos/CompilerIdC.build/Objects-normal/arm64/CompilerIdC.LinkFileList -miphoneos-version-min=11.2 -dead_strip -Xlinker -object_path_lto -Xlinker /Users/radvani/Source/ViroFreetype/ios/build/CMakeFiles/3.10.2/CompilerIdC/CompilerIdC.build/Debug-iphoneos/CompilerIdC.build/Objects-normal/arm64/CompilerIdC_lto.o -framework XCTest -Xlinker -dependency_info -Xlinker /Users/radvani/Source/ViroFreetype/ios/build/CMakeFiles/3.10.2/CompilerIdC/CompilerIdC.build/Debug-iphoneos/CompilerIdC.build/Objects-normal/arm64/CompilerIdC_dependency_info.dat -o /Users/radvani/Source/ViroFreetype/ios/build/CMakeFiles/3.10.2/CompilerIdC/CompilerIdC.xctest/CompilerIdC

GenerateDSYMFile CompilerIdC.xctest.dSYM CompilerIdC.xctest/CompilerIdC
    cd /Users/radvani/Source/ViroFreetype/ios/build/CMakeFiles/3.10.2/CompilerIdC
    export PATH="/Applications/Xcode.app/Contents/Developer/Platforms/iPhoneOS.platform/Developer/usr/bin:/Applications/Xcode.app/Contents/Developer/usr/bin:/usr/local/bin:/usr/bin:/bin:/usr/sbin:/sbin:/opt/X11/bin:/Library/Frameworks/Mono.framework/Versions/Current/Commands:/Users/radvani/Library/Android/sdk/platform-tools/:/Users/radvani/Library/Android/sdk/build-tools/25.0.0/"
    /Applications/Xcode.app/Contents/Developer/Toolchains/XcodeDefault.xctoolchain/usr/bin/dsymutil /Users/radvani/Source/ViroFreetype/ios/build/CMakeFiles/3.10.2/CompilerIdC/CompilerIdC.xctest/CompilerIdC -o /Users/radvani/Source/ViroFreetype/ios/build/CMakeFiles/3.10.2/CompilerIdC/CompilerIdC.xctest.dSYM

PhaseScriptExecution Run\ Script CompilerIdC.build/Debug-iphoneos/CompilerIdC.build/Script-2C8FEB8E15DC1A1A00E56A5D.sh
    cd /Users/radvani/Source/ViroFreetype/ios/build/CMakeFiles/3.10.2/CompilerIdC
    /bin/sh -c /Users/radvani/Source/ViroFreetype/ios/build/CMakeFiles/3.10.2/CompilerIdC/CompilerIdC.build/Debug-iphoneos/CompilerIdC.build/Script-2C8FEB8E15DC1A1A00E56A5D.sh
GCC_VERSION=com.apple.compilers.llvm.clang.1_0
CURRENT_ARCH=arm64

Touch CompilerIdC.xctest
    cd /Users/radvani/Source/ViroFreetype/ios/build/CMakeFiles/3.10.2/CompilerIdC
    export PATH="/Applications/Xcode.app/Contents/Developer/Platforms/iPhoneOS.platform/Developer/usr/bin:/Applications/Xcode.app/Contents/Developer/usr/bin:/usr/local/bin:/usr/bin:/bin:/usr/sbin:/sbin:/opt/X11/bin:/Library/Frameworks/Mono.framework/Versions/Current/Commands:/Users/radvani/Library/Android/sdk/platform-tools/:/Users/radvani/Library/Android/sdk/build-tools/25.0.0/"
    /usr/bin/touch -c /Users/radvani/Source/ViroFreetype/ios/build/CMakeFiles/3.10.2/CompilerIdC/CompilerIdC.xctest

** BUILD SUCCEEDED **



Compilation of the C compiler identification source "CMakeCCompilerId.c" produced "CompilerIdC.xctest/CompilerIdC"

The C compiler identification is AppleClang, found in "/Users/radvani/Source/ViroFreetype/ios/build/CMakeFiles/3.10.2/CompilerIdC/CompilerIdC.xctest/CompilerIdC"

Compiling the CXX compiler identification source file "CMakeCXXCompilerId.cpp" succeeded.
Compiler:  
Build flags: 
Id flags:  

The output was:
0
=== BUILD TARGET CompilerIdCXX OF PROJECT CompilerIdCXX WITH THE DEFAULT CONFIGURATION (Debug) ===

Check dependencies

Write auxiliary files
write-file /Users/radvani/Source/ViroFreetype/ios/build/CMakeFiles/3.10.2/CompilerIdCXX/CompilerIdCXX.build/Debug-iphoneos/CompilerIdCXX.build/CompilerIdCXX-project-headers.hmap
write-file /Users/radvani/Source/ViroFreetype/ios/build/CMakeFiles/3.10.2/CompilerIdCXX/CompilerIdCXX.build/Debug-iphoneos/CompilerIdCXX.build/Script-2C8FEB8E15DC1A1A00E56A5D.sh
chmod 0755 /Users/radvani/Source/ViroFreetype/ios/build/CMakeFiles/3.10.2/CompilerIdCXX/CompilerIdCXX.build/Debug-iphoneos/CompilerIdCXX.build/Script-2C8FEB8E15DC1A1A00E56A5D.sh
write-file /Users/radvani/Source/ViroFreetype/ios/build/CMakeFiles/3.10.2/CompilerIdCXX/CompilerIdCXX.build/Debug-iphoneos/CompilerIdCXX.build/CompilerIdCXX-all-target-headers.hmap
write-file /Users/radvani/Source/ViroFreetype/ios/build/CMakeFiles/3.10.2/CompilerIdCXX/CompilerIdCXX.build/Debug-iphoneos/CompilerIdCXX.build/CompilerIdCXX-all-non-framework-target-headers.hmap
write-file /Users/radvani/Source/ViroFreetype/ios/build/CMakeFiles/3.10.2/CompilerIdCXX/CompilerIdCXX.build/Debug-iphoneos/CompilerIdCXX.build/CompilerIdCXX-generated-files.hmap
write-file /Users/radvani/Source/ViroFreetype/ios/build/CMakeFiles/3.10.2/CompilerIdCXX/CompilerIdCXX.build/Debug-iphoneos/CompilerIdCXX.build/CompilerIdCXX-own-target-headers.hmap
/bin/mkdir -p /Users/radvani/Source/ViroFreetype/ios/build/CMakeFiles/3.10.2/CompilerIdCXX/CompilerIdCXX.build/Debug-iphoneos/CompilerIdCXX.build/Objects-normal/arm64
write-file /Users/radvani/Source/ViroFreetype/ios/build/CMakeFiles/3.10.2/CompilerIdCXX/CompilerIdCXX.build/Debug-iphoneos/CompilerIdCXX.build/Objects-normal/arm64/CompilerIdCXX.LinkFileList
write-file /Users/radvani/Source/ViroFreetype/ios/build/CMakeFiles/3.10.2/CompilerIdCXX/CompilerIdCXX.build/Debug-iphoneos/CompilerIdCXX.build/CompilerIdCXX.hmap

Create product structure
/bin/mkdir -p /Users/radvani/Source/ViroFreetype/ios/build/CMakeFiles/3.10.2/CompilerIdCXX/CompilerIdCXX.xctest

CompileC CompilerIdCXX.build/Debug-iphoneos/CompilerIdCXX.build/Objects-normal/arm64/CMakeCXXCompilerId.o CMakeCXXCompilerId.cpp normal arm64 c++ com.apple.compilers.llvm.clang.1_0.compiler
    cd /Users/radvani/Source/ViroFreetype/ios/build/CMakeFiles/3.10.2/CompilerIdCXX
    export LANG=en_US.US-ASCII
    export PATH="/Applications/Xcode.app/Contents/Developer/Platforms/iPhoneOS.platform/Developer/usr/bin:/Applications/Xcode.app/Contents/Developer/usr/bin:/usr/local/bin:/usr/bin:/bin:/usr/sbin:/sbin:/opt/X11/bin:/Library/Frameworks/Mono.framework/Versions/Current/Commands:/Users/radvani/Library/Android/sdk/platform-tools/:/Users/radvani/Library/Android/sdk/build-tools/25.0.0/"
    /Applications/Xcode.app/Contents/Developer/Toolchains/XcodeDefault.xctoolchain/usr/bin/clang -x c++ -arch arm64 -fmessage-length=0 -fdiagnostics-show-note-include-stack -fmacro-backtrace-limit=0 -Wno-trigraphs -fpascal-strings -Os -Wno-missing-field-initializers -Wno-missing-prototypes -Wno-return-type -Wno-non-virtual-dtor -Wno-overloaded-virtual -Wno-exit-time-destructors -Wno-missing-braces -Wparentheses -Wswitch -Wno-unused-function -Wno-unused-label -Wno-unused-parameter -Wno-unused-variable -Wunused-value -Wno-empty-body -Wno-uninitialized -Wno-unknown-pragmas -Wno-shadow -Wno-four-char-constants -Wno-conversion -Wno-constant-conversion -Wno-int-conversion -Wno-bool-conversion -Wno-enum-conversion -Wno-float-conversion -Wno-non-literal-null-conversion -Wno-objc-literal-conversion -Wshorten-64-to-32 -Wno-newline-eof -Wno-c++11-extensions -isysroot /Applications/Xcode.app/Contents/Developer/Platforms/iPhoneOS.platform/Developer/SDKs/iPhoneOS11.2.sdk -fstrict-aliasing -Wdeprecated-declarations -Winvalid-offsetof -miphoneos-version-min=11.2 -g -fvisibility-inlines-hidden -Wno-sign-conversion -Wno-infinite-recursion -Wno-move -Wno-comma -Wno-block-capture-autoreleasing -Wno-strict-prototypes -Wno-range-loop-analysis -I/Users/radvani/Source/ViroFreetype/ios/build/CMakeFiles/3.10.2/CompilerIdCXX/CompilerIdCXX.build/Debug-iphoneos/CompilerIdCXX.build/CompilerIdCXX.hmap -I/Users/radvani/Source/ViroFreetype/ios/build/CMakeFiles/3.10.2/CompilerIdCXX/include -I/Users/radvani/Source/ViroFreetype/ios/build/CMakeFiles/3.10.2/CompilerIdCXX/CompilerIdCXX.build/Debug-iphoneos/CompilerIdCXX.build/DerivedSources/arm64 -I/Users/radvani/Source/ViroFreetype/ios/build/CMakeFiles/3.10.2/CompilerIdCXX/CompilerIdCXX.build/Debug-iphoneos/CompilerIdCXX.build/DerivedSources -F/Users/radvani/Source/ViroFreetype/ios/build/CMakeFiles/3.10.2/CompilerIdCXX -iframework /Applications/Xcode.app/Contents/Developer/Platforms/iPhoneOS.platform/Developer/Library/Frameworks -MMD -MT dependencies -MF /Users/radvani/Source/ViroFreetype/ios/build/CMakeFiles/3.10.2/CompilerIdCXX/CompilerIdCXX.build/Debug-iphoneos/CompilerIdCXX.build/Objects-normal/arm64/CMakeCXXCompilerId.d --serialize-diagnostics /Users/radvani/Source/ViroFreetype/ios/build/CMakeFiles/3.10.2/CompilerIdCXX/CompilerIdCXX.build/Debug-iphoneos/CompilerIdCXX.build/Objects-normal/arm64/CMakeCXXCompilerId.dia -c /Users/radvani/Source/ViroFreetype/ios/build/CMakeFiles/3.10.2/CompilerIdCXX/CMakeCXXCompilerId.cpp -o /Users/radvani/Source/ViroFreetype/ios/build/CMakeFiles/3.10.2/CompilerIdCXX/CompilerIdCXX.build/Debug-iphoneos/CompilerIdCXX.build/Objects-normal/arm64/CMakeCXXCompilerId.o

Ld CompilerIdCXX.xctest/CompilerIdCXX normal arm64
    cd /Users/radvani/Source/ViroFreetype/ios/build/CMakeFiles/3.10.2/CompilerIdCXX
    export IPHONEOS_DEPLOYMENT_TARGET=11.2
    export PATH="/Applications/Xcode.app/Contents/Developer/Platforms/iPhoneOS.platform/Developer/usr/bin:/Applications/Xcode.app/Contents/Developer/usr/bin:/usr/local/bin:/usr/bin:/bin:/usr/sbin:/sbin:/opt/X11/bin:/Library/Frameworks/Mono.framework/Versions/Current/Commands:/Users/radvani/Library/Android/sdk/platform-tools/:/Users/radvani/Library/Android/sdk/build-tools/25.0.0/"
    /Applications/Xcode.app/Contents/Developer/Toolchains/XcodeDefault.xctoolchain/usr/bin/clang++ -arch arm64 -bundle -isysroot /Applications/Xcode.app/Contents/Developer/Platforms/iPhoneOS.platform/Developer/SDKs/iPhoneOS11.2.sdk -L/Users/radvani/Source/ViroFreetype/ios/build/CMakeFiles/3.10.2/CompilerIdCXX -F/Users/radvani/Source/ViroFreetype/ios/build/CMakeFiles/3.10.2/CompilerIdCXX -F/Applications/Xcode.app/Contents/Developer/Platforms/iPhoneOS.platform/Developer/Library/Frameworks -filelist /Users/radvani/Source/ViroFreetype/ios/build/CMakeFiles/3.10.2/CompilerIdCXX/CompilerIdCXX.build/Debug-iphoneos/CompilerIdCXX.build/Objects-normal/arm64/CompilerIdCXX.LinkFileList -miphoneos-version-min=11.2 -dead_strip -Xlinker -object_path_lto -Xlinker /Users/radvani/Source/ViroFreetype/ios/build/CMakeFiles/3.10.2/CompilerIdCXX/CompilerIdCXX.build/Debug-iphoneos/CompilerIdCXX.build/Objects-normal/arm64/CompilerIdCXX_lto.o -framework XCTest -Xlinker -dependency_info -Xlinker /Users/radvani/Source/ViroFreetype/ios/build/CMakeFiles/3.10.2/CompilerIdCXX/CompilerIdCXX.build/Debug-iphoneos/CompilerIdCXX.build/Objects-normal/arm64/CompilerIdCXX_dependency_info.dat -o /Users/radvani/Source/ViroFreetype/ios/build/CMakeFiles/3.10.2/CompilerIdCXX/CompilerIdCXX.xctest/CompilerIdCXX

GenerateDSYMFile CompilerIdCXX.xctest.dSYM CompilerIdCXX.xctest/CompilerIdCXX
    cd /Users/radvani/Source/ViroFreetype/ios/build/CMakeFiles/3.10.2/CompilerIdCXX
    export PATH="/Applications/Xcode.app/Contents/Developer/Platforms/iPhoneOS.platform/Developer/usr/bin:/Applications/Xcode.app/Contents/Developer/usr/bin:/usr/local/bin:/usr/bin:/bin:/usr/sbin:/sbin:/opt/X11/bin:/Library/Frameworks/Mono.framework/Versions/Current/Commands:/Users/radvani/Library/Android/sdk/platform-tools/:/Users/radvani/Library/Android/sdk/build-tools/25.0.0/"
    /Applications/Xcode.app/Contents/Developer/Toolchains/XcodeDefault.xctoolchain/usr/bin/dsymutil /Users/radvani/Source/ViroFreetype/ios/build/CMakeFiles/3.10.2/CompilerIdCXX/CompilerIdCXX.xctest/CompilerIdCXX -o /Users/radvani/Source/ViroFreetype/ios/build/CMakeFiles/3.10.2/CompilerIdCXX/CompilerIdCXX.xctest.dSYM

PhaseScriptExecution Run\ Script CompilerIdCXX.build/Debug-iphoneos/CompilerIdCXX.build/Script-2C8FEB8E15DC1A1A00E56A5D.sh
    cd /Users/radvani/Source/ViroFreetype/ios/build/CMakeFiles/3.10.2/CompilerIdCXX
    /bin/sh -c /Users/radvani/Source/ViroFreetype/ios/build/CMakeFiles/3.10.2/CompilerIdCXX/CompilerIdCXX.build/Debug-iphoneos/CompilerIdCXX.build/Script-2C8FEB8E15DC1A1A00E56A5D.sh
GCC_VERSION=com.apple.compilers.llvm.clang.1_0
CURRENT_ARCH=arm64

Touch CompilerIdCXX.xctest
    cd /Users/radvani/Source/ViroFreetype/ios/build/CMakeFiles/3.10.2/CompilerIdCXX
    export PATH="/Applications/Xcode.app/Contents/Developer/Platforms/iPhoneOS.platform/Developer/usr/bin:/Applications/Xcode.app/Contents/Developer/usr/bin:/usr/local/bin:/usr/bin:/bin:/usr/sbin:/sbin:/opt/X11/bin:/Library/Frameworks/Mono.framework/Versions/Current/Commands:/Users/radvani/Library/Android/sdk/platform-tools/:/Users/radvani/Library/Android/sdk/build-tools/25.0.0/"
    /usr/bin/touch -c /Users/radvani/Source/ViroFreetype/ios/build/CMakeFiles/3.10.2/CompilerIdCXX/CompilerIdCXX.xctest

** BUILD SUCCEEDED **



Compilation of the CXX compiler identification source "CMakeCXXCompilerId.cpp" produced "CompilerIdCXX.xctest/CompilerIdCXX"

The CXX compiler identification is AppleClang, found in "/Users/radvani/Source/ViroFreetype/ios/build/CMakeFiles/3.10.2/CompilerIdCXX/CompilerIdCXX.xctest/CompilerIdCXX"

