Detecting C compiler ABI info failed to compile with the following output:
Change Dir: /Users/radvani/Source/ViroFreetype/ios/build/CMakeFiles/CMakeTmp

Run Build Command:"/usr/bin/xcodebuild" "-project" "CMAKE_TRY_COMPILE.xcodeproj" "build" "-target" "cmTC_a21c4" "-configuration" "Debug"
=== BUILD TARGET cmTC_a21c4 OF PROJECT CMAKE_TRY_COMPILE WITH CONFIGURATION Debug ===

Check dependencies
target specifies product type 'com.apple.product-type.tool', but there's no such product type for the 'iphoneos' platform
warning: iOS 11.2.0 does not support armv7

** BUILD FAILED **


The following build commands failed:
	Check dependencies
(1 failure)



Detecting C [-std=c11] compiler features failed to compile with the following output:
Change Dir: /Users/radvani/Source/ViroFreetype/ios/build/CMakeFiles/CMakeTmp

Run Build Command:"/usr/bin/xcodebuild" "-project" "CMAKE_TRY_COMPILE.xcodeproj" "build" "-target" "cmTC_82817" "-configuration" "Debug"
=== BUILD TARGET cmTC_82817 OF PROJECT CMAKE_TRY_COMPILE WITH CONFIGURATION Debug ===

Check dependencies
target specifies product type 'com.apple.product-type.tool', but there's no such product type for the 'iphoneos' platform
warning: iOS 11.2.0 does not support armv7

** BUILD FAILED **


The following build commands failed:
	Check dependencies
(1 failure)



Detecting CXX compiler ABI info failed to compile with the following output:
Change Dir: /Users/radvani/Source/ViroFreetype/ios/build/CMakeFiles/CMakeTmp

Run Build Command:"/usr/bin/xcodebuild" "-project" "CMAKE_TRY_COMPILE.xcodeproj" "build" "-target" "cmTC_3627b" "-configuration" "Debug"
=== BUILD TARGET cmTC_3627b OF PROJECT CMAKE_TRY_COMPILE WITH CONFIGURATION Debug ===

Check dependencies
target specifies product type 'com.apple.product-type.tool', but there's no such product type for the 'iphoneos' platform
warning: iOS 11.2.0 does not support armv7

** BUILD FAILED **


The following build commands failed:
	Check dependencies
(1 failure)



Detecting CXX [-std=c++1z] compiler features failed to compile with the following output:
Change Dir: /Users/radvani/Source/ViroFreetype/ios/build/CMakeFiles/CMakeTmp

Run Build Command:"/usr/bin/xcodebuild" "-project" "CMAKE_TRY_COMPILE.xcodeproj" "build" "-target" "cmTC_5e787" "-configuration" "Debug"
=== BUILD TARGET cmTC_5e787 OF PROJECT CMAKE_TRY_COMPILE WITH CONFIGURATION Debug ===

Check dependencies
target specifies product type 'com.apple.product-type.tool', but there's no such product type for the 'iphoneos' platform
warning: iOS 11.2.0 does not support armv7

** BUILD FAILED **


The following build commands failed:
	Check dependencies
(1 failure)



Determining if the BZ2_bzCompressInit exist failed with the following output:
Change Dir: /Users/radvani/Source/ViroFreetype/ios/build/CMakeFiles/CMakeTmp

Run Build Command:"/usr/bin/xcodebuild" "-project" "CMAKE_TRY_COMPILE.xcodeproj" "build" "-target" "cmTC_a3713" "-configuration" "Debug"
=== BUILD TARGET cmTC_a3713 OF PROJECT CMAKE_TRY_COMPILE WITH CONFIGURATION Debug ===

Check dependencies
target specifies product type 'com.apple.product-type.tool', but there's no such product type for the 'iphoneos' platform
warning: iOS 11.2.0 does not support armv7

** BUILD FAILED **


The following build commands failed:
	Check dependencies
(1 failure)

File /Users/radvani/Source/ViroFreetype/ios/build/CMakeFiles/CMakeTmp/CheckSymbolExists.c:
/* */
#include <bzlib.h>

int main(int argc, char** argv)
{
  (void)argv;
#ifndef BZ2_bzCompressInit
  return ((int*)(&BZ2_bzCompressInit))[argc];
#else
  (void)argc;
  return 0;
#endif
}

Determining if the include file unistd.h exists failed with the following output:
Change Dir: /Users/radvani/Source/ViroFreetype/ios/build/CMakeFiles/CMakeTmp

Run Build Command:"/usr/bin/xcodebuild" "-project" "CMAKE_TRY_COMPILE.xcodeproj" "build" "-target" "cmTC_87c1c" "-configuration" "Debug"
=== BUILD TARGET cmTC_87c1c OF PROJECT CMAKE_TRY_COMPILE WITH CONFIGURATION Debug ===

Check dependencies
target specifies product type 'com.apple.product-type.tool', but there's no such product type for the 'iphoneos' platform
warning: iOS 11.2.0 does not support armv7

** BUILD FAILED **


The following build commands failed:
	Check dependencies
(1 failure)


Determining if the include file fcntl.h exists failed with the following output:
Change Dir: /Users/radvani/Source/ViroFreetype/ios/build/CMakeFiles/CMakeTmp

Run Build Command:"/usr/bin/xcodebuild" "-project" "CMAKE_TRY_COMPILE.xcodeproj" "build" "-target" "cmTC_827b2" "-configuration" "Debug"
=== BUILD TARGET cmTC_827b2 OF PROJECT CMAKE_TRY_COMPILE WITH CONFIGURATION Debug ===

Check dependencies
target specifies product type 'com.apple.product-type.tool', but there's no such product type for the 'iphoneos' platform
warning: iOS 11.2.0 does not support armv7

** BUILD FAILED **


The following build commands failed:
	Check dependencies
(1 failure)


Determining if the include file stdint.h exists failed with the following output:
Change Dir: /Users/radvani/Source/ViroFreetype/ios/build/CMakeFiles/CMakeTmp

Run Build Command:"/usr/bin/xcodebuild" "-project" "CMAKE_TRY_COMPILE.xcodeproj" "build" "-target" "cmTC_e9d38" "-configuration" "Debug"
=== BUILD TARGET cmTC_e9d38 OF PROJECT CMAKE_TRY_COMPILE WITH CONFIGURATION Debug ===

Check dependencies
target specifies product type 'com.apple.product-type.tool', but there's no such product type for the 'iphoneos' platform
warning: iOS 11.2.0 does not support armv7

** BUILD FAILED **


The following build commands failed:
	Check dependencies
(1 failure)


