This file contains any messages produced by compilers while
running configure, to aid debugging if configure makes a mistake.

It was created by FreeType configure 2.9, which was
generated by GNU Autoconf 2.69.  Invocation command line was

  $ ./configure --prefix=/Users/radvani/Source/ViroFreetype/android/build/armeabi-v7a --host=arm-linux-androideabi --with-sysroot=/Users/radvani/Source/ndk-toolchain/android-23/sysroot --enable-cross-compile CFLAGS=-march=armv7-a CXXFLAGS=-march=armv7-a LDFLAGS=-L/usr/lib -llog

## --------- ##
## Platform. ##
## --------- ##

hostname = Rajs-MacBook-Pro-2.local
uname -m = x86_64
uname -r = 17.4.0
uname -s = Darwin
uname -v = Darwin Kernel Version 17.4.0: Sun Dec 17 09:19:54 PST 2017; root:xnu-4570.41.2~1/RELEASE_X86_64

/usr/bin/uname -p = i386
/bin/uname -X     = unknown

/bin/arch              = unknown
/usr/bin/arch -k       = unknown
/usr/convex/getsysinfo = unknown
/usr/bin/hostinfo      = Mach kernel version:
	 Darwin Kernel Version 17.4.0: Sun Dec 17 09:19:54 PST 2017; root:xnu-4570.41.2~1/RELEASE_X86_64
Kernel configured for up to 8 processors.
4 processors are physically available.
8 processors are logically available.
Processor type: x86_64h (Intel x86-64h Haswell)
Processors active: 0 1 2 3 4 5 6 7
Primary memory available: 16.00 gigabytes
Default processor set: 439 tasks, 2487 threads, 8 processors
Load average: 2.82, Mach factor: 5.17
/bin/machine           = unknown
/usr/bin/oslevel       = unknown
/bin/universe          = unknown

PATH: /Users/radvani/Source/ndk-toolchain/android-23/bin
PATH: /Users/radvani/Source/ndk-toolchain/android-23_arm64/bin
PATH: /usr/local/bin
PATH: /usr/bin
PATH: /bin
PATH: /usr/sbin
PATH: /sbin
PATH: /opt/X11/bin
PATH: /Library/Frameworks/Mono.framework/Versions/Current/Commands
PATH: /Users/radvani/Library/Android/sdk/platform-tools/
PATH: /Users/radvani/Library/Android/sdk/build-tools/25.0.0/


## ----------- ##
## Core tests. ##
## ----------- ##

configure:2540: checking build system type
configure:2554: result: x86_64-apple-darwin17.4.0
configure:2574: checking host system type
configure:2587: result: arm-unknown-linux-androideabi
configure:2619: checking for arm-linux-androideabi-gcc
configure:2646: result: clang --sysroot /Users/radvani/Source/ndk-toolchain/android-23/sysroot
configure:2915: checking for C compiler version
configure:2924: clang --sysroot /Users/radvani/Source/ndk-toolchain/android-23/sysroot --version >&5
Android clang version 3.8.275480  (based on LLVM 3.8.275480)
Target: armv7a-none-linux-android
Thread model: posix
InstalledDir: /Users/radvani/Source/ndk-toolchain/android-23/bin
configure:2935: $? = 0
configure:2924: clang --sysroot /Users/radvani/Source/ndk-toolchain/android-23/sysroot -v >&5
Android clang version 3.8.275480  (based on LLVM 3.8.275480)
Target: armv7a-none-linux-android
Thread model: posix
InstalledDir: /Users/radvani/Source/ndk-toolchain/android-23/bin
Found candidate GCC installation: /Users/radvani/Source/ndk-toolchain/android-23/bin/../lib/gcc/arm-linux-androideabi/4.9.x
Selected GCC installation: /Users/radvani/Source/ndk-toolchain/android-23/bin/../lib/gcc/arm-linux-androideabi/4.9.x
Candidate multilib: thumb;@thumb
Candidate multilib: armv7-a;@armv7
Candidate multilib: armv7-a/thumb;@armv7@thumb
Candidate multilib: .;
... rest of stderr output deleted ...
configure:2935: $? = 0
configure:2924: clang --sysroot /Users/radvani/Source/ndk-toolchain/android-23/sysroot -V >&5
clang38: error: argument to '-V' is missing (expected 1 value)
clang38: error: no input files
configure:2935: $? = 1
configure:2924: clang --sysroot /Users/radvani/Source/ndk-toolchain/android-23/sysroot -qversion >&5
clang38: error: unknown argument: '-qversion'
clang38: error: no input files
configure:2935: $? = 1
configure:2955: checking whether the C compiler works
configure:2977: clang --sysroot /Users/radvani/Source/ndk-toolchain/android-23/sysroot -march=armv7-a  -L/usr/lib -llog conftest.c  >&5
configure:2981: $? = 0
configure:3029: result: yes
configure:3032: checking for C compiler default output file name
configure:3034: result: a.out
configure:3040: checking for suffix of executables
configure:3047: clang --sysroot /Users/radvani/Source/ndk-toolchain/android-23/sysroot -o conftest -march=armv7-a  -L/usr/lib -llog conftest.c  >&5
configure:3051: $? = 0
configure:3073: result: 
configure:3095: checking whether we are cross compiling
configure:3103: clang --sysroot /Users/radvani/Source/ndk-toolchain/android-23/sysroot -o conftest -march=armv7-a  -L/usr/lib -llog conftest.c  >&5
configure:3107: $? = 0
configure:3114: ./conftest
./configure: line 3116: ./conftest: cannot execute binary file
configure:3118: $? = 126
configure:3133: result: yes
configure:3138: checking for suffix of object files
configure:3160: clang --sysroot /Users/radvani/Source/ndk-toolchain/android-23/sysroot -c -march=armv7-a  conftest.c >&5
configure:3164: $? = 0
configure:3185: result: o
configure:3189: checking whether we are using the GNU C compiler
configure:3208: clang --sysroot /Users/radvani/Source/ndk-toolchain/android-23/sysroot -c -march=armv7-a  conftest.c >&5
configure:3208: $? = 0
configure:3217: result: yes
configure:3226: checking whether clang --sysroot /Users/radvani/Source/ndk-toolchain/android-23/sysroot accepts -g
configure:3246: clang --sysroot /Users/radvani/Source/ndk-toolchain/android-23/sysroot -c -g  conftest.c >&5
configure:3246: $? = 0
configure:3287: result: yes
configure:3304: checking for clang --sysroot /Users/radvani/Source/ndk-toolchain/android-23/sysroot option to accept ISO C89
configure:3367: clang --sysroot /Users/radvani/Source/ndk-toolchain/android-23/sysroot  -c -march=armv7-a  conftest.c >&5
configure:3367: $? = 0
configure:3380: result: none needed
configure:3405: checking how to run the C preprocessor
configure:3436: clang --sysroot /Users/radvani/Source/ndk-toolchain/android-23/sysroot -E  conftest.c
configure:3436: $? = 0
configure:3450: clang --sysroot /Users/radvani/Source/ndk-toolchain/android-23/sysroot -E  conftest.c
conftest.c:9:10: fatal error: 'ac_nonexistent.h' file not found
#include <ac_nonexistent.h>
         ^
1 error generated.
configure:3450: $? = 1
configure: failed program was:
| /* confdefs.h */
| #define PACKAGE_NAME "FreeType"
| #define PACKAGE_TARNAME "freetype"
| #define PACKAGE_VERSION "2.9"
| #define PACKAGE_STRING "FreeType 2.9"
| #define PACKAGE_BUGREPORT "freetype@nongnu.org"
| #define PACKAGE_URL ""
| /* end confdefs.h.  */
| #include <ac_nonexistent.h>
configure:3475: result: clang --sysroot /Users/radvani/Source/ndk-toolchain/android-23/sysroot -E
configure:3495: clang --sysroot /Users/radvani/Source/ndk-toolchain/android-23/sysroot -E  conftest.c
configure:3495: $? = 0
configure:3509: clang --sysroot /Users/radvani/Source/ndk-toolchain/android-23/sysroot -E  conftest.c
conftest.c:9:10: fatal error: 'ac_nonexistent.h' file not found
#include <ac_nonexistent.h>
         ^
1 error generated.
configure:3509: $? = 1
configure: failed program was:
| /* confdefs.h */
| #define PACKAGE_NAME "FreeType"
| #define PACKAGE_TARNAME "freetype"
| #define PACKAGE_VERSION "2.9"
| #define PACKAGE_STRING "FreeType 2.9"
| #define PACKAGE_BUGREPORT "freetype@nongnu.org"
| #define PACKAGE_URL ""
| /* end confdefs.h.  */
| #include <ac_nonexistent.h>
configure:3550: checking for arm-linux-androideabi-pkg-config
configure:3583: result: no
configure:3593: checking for pkg-config
configure:3626: result: no
configure:3706: checking how to print strings
configure:3733: result: printf
configure:3754: checking for a sed that does not truncate output
configure:3818: result: /usr/bin/sed
configure:3836: checking for grep that handles long lines and -e
configure:3894: result: /usr/bin/grep
configure:3899: checking for egrep
configure:3961: result: /usr/bin/grep -E
configure:3966: checking for fgrep
configure:4028: result: /usr/bin/grep -F
configure:4063: checking for ld used by clang --sysroot /Users/radvani/Source/ndk-toolchain/android-23/sysroot
configure:4130: result: aarch64-linux-android-ld
configure:4137: checking if the linker (aarch64-linux-android-ld) is GNU ld
configure:4152: result: yes
configure:4164: checking for BSD- or MS-compatible name lister (nm)
configure:4218: result: /Users/radvani/Source/ndk-toolchain/android-23/bin/arm-linux-androideabi-nm -B
configure:4348: checking the name lister (/Users/radvani/Source/ndk-toolchain/android-23/bin/arm-linux-androideabi-nm -B) interface
configure:4355: clang --sysroot /Users/radvani/Source/ndk-toolchain/android-23/sysroot -c -march=armv7-a  conftest.c >&5
configure:4358: /Users/radvani/Source/ndk-toolchain/android-23/bin/arm-linux-androideabi-nm -B "conftest.o"
configure:4361: output
00000000 B some_variable
configure:4368: result: BSD nm
configure:4371: checking whether ln -s works
configure:4375: result: yes
configure:4383: checking the maximum length of command line arguments
configure:4514: result: 196608
configure:4562: checking how to convert x86_64-apple-darwin17.4.0 file names to arm-unknown-linux-androideabi format
configure:4602: result: func_convert_file_noop
configure:4609: checking how to convert x86_64-apple-darwin17.4.0 file names to toolchain format
configure:4629: result: func_convert_file_noop
configure:4636: checking for aarch64-linux-android-ld option to reload object files
configure:4643: result: -r
configure:4677: checking for arm-linux-androideabi-objdump
configure:4693: found /Users/radvani/Source/ndk-toolchain/android-23/bin/arm-linux-androideabi-objdump
configure:4704: result: arm-linux-androideabi-objdump
configure:4773: checking how to recognize dependent libraries
configure:4973: result: pass_all
configure:5018: checking for arm-linux-androideabi-dlltool
configure:5048: result: no
configure:5058: checking for dlltool
configure:5088: result: no
configure:5115: checking how to associate runtime and link libraries
configure:5142: result: printf %s\n
configure:5159: checking for arm-linux-androideabi-ar
configure:5186: result: aarch64-linux-android-ar
configure:5267: checking for archiver @FILE support
configure:5284: clang --sysroot /Users/radvani/Source/ndk-toolchain/android-23/sysroot -c -march=armv7-a  conftest.c >&5
configure:5284: $? = 0
configure:5287: aarch64-linux-android-ar cru libconftest.a @conftest.lst >&5
configure:5290: $? = 0
configure:5295: aarch64-linux-android-ar cru libconftest.a @conftest.lst >&5
aarch64-linux-android-ar: conftest.o: No such file or directory
configure:5298: $? = 1
configure:5310: result: @
configure:5328: checking for arm-linux-androideabi-strip
configure:5355: result: aarch64-linux-android-strip
configure:5427: checking for arm-linux-androideabi-ranlib
configure:5443: found /Users/radvani/Source/ndk-toolchain/android-23/bin/arm-linux-androideabi-ranlib
configure:5454: result: arm-linux-androideabi-ranlib
configure:5571: checking for gawk
configure:5601: result: no
configure:5571: checking for mawk
configure:5601: result: no
configure:5571: checking for nawk
configure:5601: result: no
configure:5571: checking for awk
configure:5587: found /Users/radvani/Source/ndk-toolchain/android-23/bin/awk
configure:5598: result: awk
configure:5638: checking command to parse /Users/radvani/Source/ndk-toolchain/android-23/bin/arm-linux-androideabi-nm -B output from clang --sysroot /Users/radvani/Source/ndk-toolchain/android-23/sysroot object
configure:5791: clang --sysroot /Users/radvani/Source/ndk-toolchain/android-23/sysroot -c -march=armv7-a  conftest.c >&5
configure:5794: $? = 0
configure:5798: /Users/radvani/Source/ndk-toolchain/android-23/bin/arm-linux-androideabi-nm -B conftest.o \| sed -n -e 's/^.*[ ]\([ABCDGIRSTW][ABCDGIRSTW]*\)[ ][ ]*\([_A-Za-z][_A-Za-z0-9]*\)$/\1 \2 \2/p' | sed '/ __gnu_lto/d' \> conftest.nm
configure:5801: $? = 0
configure:5867: clang --sysroot /Users/radvani/Source/ndk-toolchain/android-23/sysroot -o conftest -march=armv7-a  -L/usr/lib -llog conftest.c conftstm.o >&5
configure:5870: $? = 0
configure:5908: result: ok
configure:5955: checking for sysroot
configure:5985: result: /Users/radvani/Source/ndk-toolchain/android-23/sysroot
configure:5992: checking for a working dd
configure:6030: result: /bin/dd
configure:6034: checking how to truncate binary pipes
configure:6049: result: /bin/dd bs=4096 count=1
configure:6338: checking for arm-linux-androideabi-mt
configure:6368: result: no
configure:6378: checking for mt
configure:6408: result: no
configure:6428: checking if : is a manifest tool
configure:6434: : '-?'
configure:6442: result: no
configure:7115: checking for ANSI C header files
configure:7135: clang --sysroot /Users/radvani/Source/ndk-toolchain/android-23/sysroot -c -march=armv7-a  conftest.c >&5
configure:7135: $? = 0
configure:7219: result: yes
configure:7232: checking for sys/types.h
configure:7232: clang --sysroot /Users/radvani/Source/ndk-toolchain/android-23/sysroot -c -march=armv7-a  conftest.c >&5
configure:7232: $? = 0
configure:7232: result: yes
configure:7232: checking for sys/stat.h
configure:7232: clang --sysroot /Users/radvani/Source/ndk-toolchain/android-23/sysroot -c -march=armv7-a  conftest.c >&5
configure:7232: $? = 0
configure:7232: result: yes
configure:7232: checking for stdlib.h
configure:7232: clang --sysroot /Users/radvani/Source/ndk-toolchain/android-23/sysroot -c -march=armv7-a  conftest.c >&5
configure:7232: $? = 0
configure:7232: result: yes
configure:7232: checking for string.h
configure:7232: clang --sysroot /Users/radvani/Source/ndk-toolchain/android-23/sysroot -c -march=armv7-a  conftest.c >&5
configure:7232: $? = 0
configure:7232: result: yes
configure:7232: checking for memory.h
configure:7232: clang --sysroot /Users/radvani/Source/ndk-toolchain/android-23/sysroot -c -march=armv7-a  conftest.c >&5
configure:7232: $? = 0
configure:7232: result: yes
configure:7232: checking for strings.h
configure:7232: clang --sysroot /Users/radvani/Source/ndk-toolchain/android-23/sysroot -c -march=armv7-a  conftest.c >&5
configure:7232: $? = 0
configure:7232: result: yes
configure:7232: checking for inttypes.h
configure:7232: clang --sysroot /Users/radvani/Source/ndk-toolchain/android-23/sysroot -c -march=armv7-a  conftest.c >&5
configure:7232: $? = 0
configure:7232: result: yes
configure:7232: checking for stdint.h
configure:7232: clang --sysroot /Users/radvani/Source/ndk-toolchain/android-23/sysroot -c -march=armv7-a  conftest.c >&5
configure:7232: $? = 0
configure:7232: result: yes
configure:7232: checking for unistd.h
configure:7232: clang --sysroot /Users/radvani/Source/ndk-toolchain/android-23/sysroot -c -march=armv7-a  conftest.c >&5
configure:7232: $? = 0
configure:7232: result: yes
configure:7246: checking for dlfcn.h
configure:7246: clang --sysroot /Users/radvani/Source/ndk-toolchain/android-23/sysroot -c -march=armv7-a  conftest.c >&5
configure:7246: $? = 0
configure:7246: result: yes
configure:7800: checking for objdir
configure:7815: result: .libs
configure:8075: checking if clang --sysroot /Users/radvani/Source/ndk-toolchain/android-23/sysroot supports -fno-rtti -fno-exceptions
configure:8093: clang --sysroot /Users/radvani/Source/ndk-toolchain/android-23/sysroot -c -march=armv7-a  -fno-rtti -fno-exceptions conftest.c >&5
configure:8097: $? = 0
configure:8110: result: yes
configure:8468: checking for clang --sysroot /Users/radvani/Source/ndk-toolchain/android-23/sysroot option to produce PIC
configure:8475: result: -fPIC -DPIC
configure:8483: checking if clang --sysroot /Users/radvani/Source/ndk-toolchain/android-23/sysroot PIC flag -fPIC -DPIC works
configure:8501: clang --sysroot /Users/radvani/Source/ndk-toolchain/android-23/sysroot -c -march=armv7-a  -fPIC -DPIC -DPIC conftest.c >&5
configure:8505: $? = 0
configure:8518: result: yes
configure:8547: checking if clang --sysroot /Users/radvani/Source/ndk-toolchain/android-23/sysroot static flag -static works
configure:8575: result: no
configure:8590: checking if clang --sysroot /Users/radvani/Source/ndk-toolchain/android-23/sysroot supports -c -o file.o
configure:8611: clang --sysroot /Users/radvani/Source/ndk-toolchain/android-23/sysroot -c -march=armv7-a  -o out/conftest2.o conftest.c >&5
configure:8615: $? = 0
configure:8637: result: yes
configure:8645: checking if clang --sysroot /Users/radvani/Source/ndk-toolchain/android-23/sysroot supports -c -o file.o
configure:8692: result: yes
configure:8725: checking whether the clang --sysroot /Users/radvani/Source/ndk-toolchain/android-23/sysroot linker (aarch64-linux-android-ld) supports shared libraries
configure:9984: result: yes
configure:10021: checking whether -lc should be explicitly linked in
configure:10029: clang --sysroot /Users/radvani/Source/ndk-toolchain/android-23/sysroot -c -march=armv7-a  conftest.c >&5
configure:10032: $? = 0
configure:10047: clang --sysroot /Users/radvani/Source/ndk-toolchain/android-23/sysroot -shared  -fPIC -DPIC conftest.o  -v -Wl,-soname -Wl,conftest -o conftest 2\>\&1 \| /usr/bin/grep  -lc  \>/dev/null 2\>\&1
configure:10050: $? = 0
configure:10064: result: no
configure:10224: checking dynamic linker characteristics
configure:11042: result: Android linker
configure:11164: checking how to hardcode library paths into programs
configure:11189: result: immediate
configure:11737: checking whether stripping libraries is possible
configure:11742: result: yes
configure:11777: checking if libtool supports shared libraries
configure:11779: result: yes
configure:11782: checking whether to build shared libraries
configure:11807: result: yes
configure:11810: checking whether to build static libraries
configure:11814: result: yes
configure:11858: checking for x86_64-apple-darwin17.4.0-gcc
configure:11888: result: no
configure:11895: checking for gcc
configure:11911: found /usr/bin/gcc
configure:11922: result: gcc
configure:11932: checking for gcc
configure:11976: result: gcc
configure:11986: checking for suffix of native executables
configure:12000: result: 
configure:12030: checking for a BSD-compatible install
configure:12098: result: /usr/bin/install -c
configure:12117: checking for a thread-safe mkdir -p
configure:12156: result: ./install-sh -c -d
configure:12170: checking for ANSI C header files
configure:12274: result: yes
configure:12285: checking fcntl.h usability
configure:12285: clang --sysroot /Users/radvani/Source/ndk-toolchain/android-23/sysroot -c -march=armv7-a  conftest.c >&5
configure:12285: $? = 0
configure:12285: result: yes
configure:12285: checking fcntl.h presence
configure:12285: clang --sysroot /Users/radvani/Source/ndk-toolchain/android-23/sysroot -E  conftest.c
configure:12285: $? = 0
configure:12285: result: yes
configure:12285: checking for fcntl.h
configure:12285: result: yes
configure:12285: checking for unistd.h
configure:12285: result: yes
configure:12299: checking for an ANSI C-conforming const
configure:12365: clang --sysroot /Users/radvani/Source/ndk-toolchain/android-23/sysroot -c -march=armv7-a  conftest.c >&5
configure:12365: $? = 0
configure:12372: result: yes
configure:12384: checking size of int
configure:12389: clang --sysroot /Users/radvani/Source/ndk-toolchain/android-23/sysroot -c -march=armv7-a  conftest.c >&5
configure:12389: $? = 0
configure:12389: clang --sysroot /Users/radvani/Source/ndk-toolchain/android-23/sysroot -c -march=armv7-a  conftest.c >&5
conftest.c:60:24: error: 'test_array' declared as an array with a negative size
static int test_array [1 - 2 * !(((long int) (sizeof (int))) <= 0)];
                       ^~~~~~~~~~~~~~~~~~~~~~~~~~~~~~~~~~~~~~~~~~~
1 error generated.
configure:12389: $? = 1
configure: failed program was:
| /* confdefs.h */
| #define PACKAGE_NAME "FreeType"
| #define PACKAGE_TARNAME "freetype"
| #define PACKAGE_VERSION "2.9"
| #define PACKAGE_STRING "FreeType 2.9"
| #define PACKAGE_BUGREPORT "freetype@nongnu.org"
| #define PACKAGE_URL ""
| #define STDC_HEADERS 1
| #define HAVE_SYS_TYPES_H 1
| #define HAVE_SYS_STAT_H 1
| #define HAVE_STDLIB_H 1
| #define HAVE_STRING_H 1
| #define HAVE_MEMORY_H 1
| #define HAVE_STRINGS_H 1
| #define HAVE_INTTYPES_H 1
| #define HAVE_STDINT_H 1
| #define HAVE_UNISTD_H 1
| #define HAVE_DLFCN_H 1
| #define LT_OBJDIR ".libs/"
| #define STDC_HEADERS 1
| #define HAVE_FCNTL_H 1
| #define HAVE_UNISTD_H 1
| /* end confdefs.h.  */
| #include <stdio.h>
| #ifdef HAVE_SYS_TYPES_H
| # include <sys/types.h>
| #endif
| #ifdef HAVE_SYS_STAT_H
| # include <sys/stat.h>
| #endif
| #ifdef STDC_HEADERS
| # include <stdlib.h>
| # include <stddef.h>
| #else
| # ifdef HAVE_STDLIB_H
| #  include <stdlib.h>
| # endif
| #endif
| #ifdef HAVE_STRING_H
| # if !defined STDC_HEADERS && defined HAVE_MEMORY_H
| #  include <memory.h>
| # endif
| # include <string.h>
| #endif
| #ifdef HAVE_STRINGS_H
| # include <strings.h>
| #endif
| #ifdef HAVE_INTTYPES_H
| # include <inttypes.h>
| #endif
| #ifdef HAVE_STDINT_H
| # include <stdint.h>
| #endif
| #ifdef HAVE_UNISTD_H
| # include <unistd.h>
| #endif
| int
| main ()
| {
| static int test_array [1 - 2 * !(((long int) (sizeof (int))) <= 0)];
| test_array [0] = 0;
| return test_array [0];
| 
|   ;
|   return 0;
| }
configure:12389: clang --sysroot /Users/radvani/Source/ndk-toolchain/android-23/sysroot -c -march=armv7-a  conftest.c >&5
conftest.c:60:24: error: 'test_array' declared as an array with a negative size
static int test_array [1 - 2 * !(((long int) (sizeof (int))) <= 1)];
                       ^~~~~~~~~~~~~~~~~~~~~~~~~~~~~~~~~~~~~~~~~~~
1 error generated.
configure:12389: $? = 1
configure: failed program was:
| /* confdefs.h */
| #define PACKAGE_NAME "FreeType"
| #define PACKAGE_TARNAME "freetype"
| #define PACKAGE_VERSION "2.9"
| #define PACKAGE_STRING "FreeType 2.9"
| #define PACKAGE_BUGREPORT "freetype@nongnu.org"
| #define PACKAGE_URL ""
| #define STDC_HEADERS 1
| #define HAVE_SYS_TYPES_H 1
| #define HAVE_SYS_STAT_H 1
| #define HAVE_STDLIB_H 1
| #define HAVE_STRING_H 1
| #define HAVE_MEMORY_H 1
| #define HAVE_STRINGS_H 1
| #define HAVE_INTTYPES_H 1
| #define HAVE_STDINT_H 1
| #define HAVE_UNISTD_H 1
| #define HAVE_DLFCN_H 1
| #define LT_OBJDIR ".libs/"
| #define STDC_HEADERS 1
| #define HAVE_FCNTL_H 1
| #define HAVE_UNISTD_H 1
| /* end confdefs.h.  */
| #include <stdio.h>
| #ifdef HAVE_SYS_TYPES_H
| # include <sys/types.h>
| #endif
| #ifdef HAVE_SYS_STAT_H
| # include <sys/stat.h>
| #endif
| #ifdef STDC_HEADERS
| # include <stdlib.h>
| # include <stddef.h>
| #else
| # ifdef HAVE_STDLIB_H
| #  include <stdlib.h>
| # endif
| #endif
| #ifdef HAVE_STRING_H
| # if !defined STDC_HEADERS && defined HAVE_MEMORY_H
| #  include <memory.h>
| # endif
| # include <string.h>
| #endif
| #ifdef HAVE_STRINGS_H
| # include <strings.h>
| #endif
| #ifdef HAVE_INTTYPES_H
| # include <inttypes.h>
| #endif
| #ifdef HAVE_STDINT_H
| # include <stdint.h>
| #endif
| #ifdef HAVE_UNISTD_H
| # include <unistd.h>
| #endif
| int
| main ()
| {
| static int test_array [1 - 2 * !(((long int) (sizeof (int))) <= 1)];
| test_array [0] = 0;
| return test_array [0];
| 
|   ;
|   return 0;
| }
configure:12389: clang --sysroot /Users/radvani/Source/ndk-toolchain/android-23/sysroot -c -march=armv7-a  conftest.c >&5
conftest.c:60:24: error: 'test_array' declared as an array with a negative size
static int test_array [1 - 2 * !(((long int) (sizeof (int))) <= 3)];
                       ^~~~~~~~~~~~~~~~~~~~~~~~~~~~~~~~~~~~~~~~~~~
1 error generated.
configure:12389: $? = 1
configure: failed program was:
| /* confdefs.h */
| #define PACKAGE_NAME "FreeType"
| #define PACKAGE_TARNAME "freetype"
| #define PACKAGE_VERSION "2.9"
| #define PACKAGE_STRING "FreeType 2.9"
| #define PACKAGE_BUGREPORT "freetype@nongnu.org"
| #define PACKAGE_URL ""
| #define STDC_HEADERS 1
| #define HAVE_SYS_TYPES_H 1
| #define HAVE_SYS_STAT_H 1
| #define HAVE_STDLIB_H 1
| #define HAVE_STRING_H 1
| #define HAVE_MEMORY_H 1
| #define HAVE_STRINGS_H 1
| #define HAVE_INTTYPES_H 1
| #define HAVE_STDINT_H 1
| #define HAVE_UNISTD_H 1
| #define HAVE_DLFCN_H 1
| #define LT_OBJDIR ".libs/"
| #define STDC_HEADERS 1
| #define HAVE_FCNTL_H 1
| #define HAVE_UNISTD_H 1
| /* end confdefs.h.  */
| #include <stdio.h>
| #ifdef HAVE_SYS_TYPES_H
| # include <sys/types.h>
| #endif
| #ifdef HAVE_SYS_STAT_H
| # include <sys/stat.h>
| #endif
| #ifdef STDC_HEADERS
| # include <stdlib.h>
| # include <stddef.h>
| #else
| # ifdef HAVE_STDLIB_H
| #  include <stdlib.h>
| # endif
| #endif
| #ifdef HAVE_STRING_H
| # if !defined STDC_HEADERS && defined HAVE_MEMORY_H
| #  include <memory.h>
| # endif
| # include <string.h>
| #endif
| #ifdef HAVE_STRINGS_H
| # include <strings.h>
| #endif
| #ifdef HAVE_INTTYPES_H
| # include <inttypes.h>
| #endif
| #ifdef HAVE_STDINT_H
| # include <stdint.h>
| #endif
| #ifdef HAVE_UNISTD_H
| # include <unistd.h>
| #endif
| int
| main ()
| {
| static int test_array [1 - 2 * !(((long int) (sizeof (int))) <= 3)];
| test_array [0] = 0;
| return test_array [0];
| 
|   ;
|   return 0;
| }
configure:12389: clang --sysroot /Users/radvani/Source/ndk-toolchain/android-23/sysroot -c -march=armv7-a  conftest.c >&5
configure:12389: $? = 0
configure:12389: clang --sysroot /Users/radvani/Source/ndk-toolchain/android-23/sysroot -c -march=armv7-a  conftest.c >&5
configure:12389: $? = 0
configure:12389: clang --sysroot /Users/radvani/Source/ndk-toolchain/android-23/sysroot -c -march=armv7-a  conftest.c >&5
configure:12389: $? = 0
configure:12403: result: 4
configure:12417: checking size of long
configure:12422: clang --sysroot /Users/radvani/Source/ndk-toolchain/android-23/sysroot -c -march=armv7-a  conftest.c >&5
configure:12422: $? = 0
configure:12422: clang --sysroot /Users/radvani/Source/ndk-toolchain/android-23/sysroot -c -march=armv7-a  conftest.c >&5
conftest.c:61:24: error: 'test_array' declared as an array with a negative size
static int test_array [1 - 2 * !(((long int) (sizeof (long))) <= 0)];
                       ^~~~~~~~~~~~~~~~~~~~~~~~~~~~~~~~~~~~~~~~~~~~
1 error generated.
configure:12422: $? = 1
configure: failed program was:
| /* confdefs.h */
| #define PACKAGE_NAME "FreeType"
| #define PACKAGE_TARNAME "freetype"
| #define PACKAGE_VERSION "2.9"
| #define PACKAGE_STRING "FreeType 2.9"
| #define PACKAGE_BUGREPORT "freetype@nongnu.org"
| #define PACKAGE_URL ""
| #define STDC_HEADERS 1
| #define HAVE_SYS_TYPES_H 1
| #define HAVE_SYS_STAT_H 1
| #define HAVE_STDLIB_H 1
| #define HAVE_STRING_H 1
| #define HAVE_MEMORY_H 1
| #define HAVE_STRINGS_H 1
| #define HAVE_INTTYPES_H 1
| #define HAVE_STDINT_H 1
| #define HAVE_UNISTD_H 1
| #define HAVE_DLFCN_H 1
| #define LT_OBJDIR ".libs/"
| #define STDC_HEADERS 1
| #define HAVE_FCNTL_H 1
| #define HAVE_UNISTD_H 1
| #define SIZEOF_INT 4
| /* end confdefs.h.  */
| #include <stdio.h>
| #ifdef HAVE_SYS_TYPES_H
| # include <sys/types.h>
| #endif
| #ifdef HAVE_SYS_STAT_H
| # include <sys/stat.h>
| #endif
| #ifdef STDC_HEADERS
| # include <stdlib.h>
| # include <stddef.h>
| #else
| # ifdef HAVE_STDLIB_H
| #  include <stdlib.h>
| # endif
| #endif
| #ifdef HAVE_STRING_H
| # if !defined STDC_HEADERS && defined HAVE_MEMORY_H
| #  include <memory.h>
| # endif
| # include <string.h>
| #endif
| #ifdef HAVE_STRINGS_H
| # include <strings.h>
| #endif
| #ifdef HAVE_INTTYPES_H
| # include <inttypes.h>
| #endif
| #ifdef HAVE_STDINT_H
| # include <stdint.h>
| #endif
| #ifdef HAVE_UNISTD_H
| # include <unistd.h>
| #endif
| int
| main ()
| {
| static int test_array [1 - 2 * !(((long int) (sizeof (long))) <= 0)];
| test_array [0] = 0;
| return test_array [0];
| 
|   ;
|   return 0;
| }
configure:12422: clang --sysroot /Users/radvani/Source/ndk-toolchain/android-23/sysroot -c -march=armv7-a  conftest.c >&5
conftest.c:61:24: error: 'test_array' declared as an array with a negative size
static int test_array [1 - 2 * !(((long int) (sizeof (long))) <= 1)];
                       ^~~~~~~~~~~~~~~~~~~~~~~~~~~~~~~~~~~~~~~~~~~~
1 error generated.
configure:12422: $? = 1
configure: failed program was:
| /* confdefs.h */
| #define PACKAGE_NAME "FreeType"
| #define PACKAGE_TARNAME "freetype"
| #define PACKAGE_VERSION "2.9"
| #define PACKAGE_STRING "FreeType 2.9"
| #define PACKAGE_BUGREPORT "freetype@nongnu.org"
| #define PACKAGE_URL ""
| #define STDC_HEADERS 1
| #define HAVE_SYS_TYPES_H 1
| #define HAVE_SYS_STAT_H 1
| #define HAVE_STDLIB_H 1
| #define HAVE_STRING_H 1
| #define HAVE_MEMORY_H 1
| #define HAVE_STRINGS_H 1
| #define HAVE_INTTYPES_H 1
| #define HAVE_STDINT_H 1
| #define HAVE_UNISTD_H 1
| #define HAVE_DLFCN_H 1
| #define LT_OBJDIR ".libs/"
| #define STDC_HEADERS 1
| #define HAVE_FCNTL_H 1
| #define HAVE_UNISTD_H 1
| #define SIZEOF_INT 4
| /* end confdefs.h.  */
| #include <stdio.h>
| #ifdef HAVE_SYS_TYPES_H
| # include <sys/types.h>
| #endif
| #ifdef HAVE_SYS_STAT_H
| # include <sys/stat.h>
| #endif
| #ifdef STDC_HEADERS
| # include <stdlib.h>
| # include <stddef.h>
| #else
| # ifdef HAVE_STDLIB_H
| #  include <stdlib.h>
| # endif
| #endif
| #ifdef HAVE_STRING_H
| # if !defined STDC_HEADERS && defined HAVE_MEMORY_H
| #  include <memory.h>
| # endif
| # include <string.h>
| #endif
| #ifdef HAVE_STRINGS_H
| # include <strings.h>
| #endif
| #ifdef HAVE_INTTYPES_H
| # include <inttypes.h>
| #endif
| #ifdef HAVE_STDINT_H
| # include <stdint.h>
| #endif
| #ifdef HAVE_UNISTD_H
| # include <unistd.h>
| #endif
| int
| main ()
| {
| static int test_array [1 - 2 * !(((long int) (sizeof (long))) <= 1)];
| test_array [0] = 0;
| return test_array [0];
| 
|   ;
|   return 0;
| }
configure:12422: clang --sysroot /Users/radvani/Source/ndk-toolchain/android-23/sysroot -c -march=armv7-a  conftest.c >&5
conftest.c:61:24: error: 'test_array' declared as an array with a negative size
static int test_array [1 - 2 * !(((long int) (sizeof (long))) <= 3)];
                       ^~~~~~~~~~~~~~~~~~~~~~~~~~~~~~~~~~~~~~~~~~~~
1 error generated.
configure:12422: $? = 1
configure: failed program was:
| /* confdefs.h */
| #define PACKAGE_NAME "FreeType"
| #define PACKAGE_TARNAME "freetype"
| #define PACKAGE_VERSION "2.9"
| #define PACKAGE_STRING "FreeType 2.9"
| #define PACKAGE_BUGREPORT "freetype@nongnu.org"
| #define PACKAGE_URL ""
| #define STDC_HEADERS 1
| #define HAVE_SYS_TYPES_H 1
| #define HAVE_SYS_STAT_H 1
| #define HAVE_STDLIB_H 1
| #define HAVE_STRING_H 1
| #define HAVE_MEMORY_H 1
| #define HAVE_STRINGS_H 1
| #define HAVE_INTTYPES_H 1
| #define HAVE_STDINT_H 1
| #define HAVE_UNISTD_H 1
| #define HAVE_DLFCN_H 1
| #define LT_OBJDIR ".libs/"
| #define STDC_HEADERS 1
| #define HAVE_FCNTL_H 1
| #define HAVE_UNISTD_H 1
| #define SIZEOF_INT 4
| /* end confdefs.h.  */
| #include <stdio.h>
| #ifdef HAVE_SYS_TYPES_H
| # include <sys/types.h>
| #endif
| #ifdef HAVE_SYS_STAT_H
| # include <sys/stat.h>
| #endif
| #ifdef STDC_HEADERS
| # include <stdlib.h>
| # include <stddef.h>
| #else
| # ifdef HAVE_STDLIB_H
| #  include <stdlib.h>
| # endif
| #endif
| #ifdef HAVE_STRING_H
| # if !defined STDC_HEADERS && defined HAVE_MEMORY_H
| #  include <memory.h>
| # endif
| # include <string.h>
| #endif
| #ifdef HAVE_STRINGS_H
| # include <strings.h>
| #endif
| #ifdef HAVE_INTTYPES_H
| # include <inttypes.h>
| #endif
| #ifdef HAVE_STDINT_H
| # include <stdint.h>
| #endif
| #ifdef HAVE_UNISTD_H
| # include <unistd.h>
| #endif
| int
| main ()
| {
| static int test_array [1 - 2 * !(((long int) (sizeof (long))) <= 3)];
| test_array [0] = 0;
| return test_array [0];
| 
|   ;
|   return 0;
| }
configure:12422: clang --sysroot /Users/radvani/Source/ndk-toolchain/android-23/sysroot -c -march=armv7-a  conftest.c >&5
configure:12422: $? = 0
configure:12422: clang --sysroot /Users/radvani/Source/ndk-toolchain/android-23/sysroot -c -march=armv7-a  conftest.c >&5
configure:12422: $? = 0
configure:12422: clang --sysroot /Users/radvani/Source/ndk-toolchain/android-23/sysroot -c -march=armv7-a  conftest.c >&5
configure:12422: $? = 0
configure:12436: result: 4
configure:12447: checking for unsigned long long int
configure:12486: clang --sysroot /Users/radvani/Source/ndk-toolchain/android-23/sysroot -o conftest -march=armv7-a  -L/usr/lib -llog conftest.c  >&5
configure:12486: $? = 0
configure:12495: result: yes
configure:12505: checking for long long int
configure:12555: result: yes
configure:12567: checking whether cpp computation of bit length in ftconfig.in works
configure:12622: result: yes
configure:12651: checking for special C compiler options needed for large files
configure:12696: result: no
configure:12702: checking for _FILE_OFFSET_BITS value needed for large files
configure:12727: clang --sysroot /Users/radvani/Source/ndk-toolchain/android-23/sysroot -c -march=armv7-a  conftest.c >&5
conftest.c:34:22: error: 'off_t_is_large' declared as an array with a negative size
  int off_t_is_large[(LARGE_OFF_T % 2147483629 == 721
                     ^~~~~~~~~~~~~~~~~~~~~~~~~~~~~~~~
1 error generated.
configure:12727: $? = 1
configure: failed program was:
| /* confdefs.h */
| #define PACKAGE_NAME "FreeType"
| #define PACKAGE_TARNAME "freetype"
| #define PACKAGE_VERSION "2.9"
| #define PACKAGE_STRING "FreeType 2.9"
| #define PACKAGE_BUGREPORT "freetype@nongnu.org"
| #define PACKAGE_URL ""
| #define STDC_HEADERS 1
| #define HAVE_SYS_TYPES_H 1
| #define HAVE_SYS_STAT_H 1
| #define HAVE_STDLIB_H 1
| #define HAVE_STRING_H 1
| #define HAVE_MEMORY_H 1
| #define HAVE_STRINGS_H 1
| #define HAVE_INTTYPES_H 1
| #define HAVE_STDINT_H 1
| #define HAVE_UNISTD_H 1
| #define HAVE_DLFCN_H 1
| #define LT_OBJDIR ".libs/"
| #define STDC_HEADERS 1
| #define HAVE_FCNTL_H 1
| #define HAVE_UNISTD_H 1
| #define SIZEOF_INT 4
| #define SIZEOF_LONG 4
| #define HAVE_UNSIGNED_LONG_LONG_INT 1
| #define HAVE_LONG_LONG_INT 1
| /* end confdefs.h.  */
| #include <sys/types.h>
|  /* Check that off_t can represent 2**63 - 1 correctly.
|     We can't simply define LARGE_OFF_T to be 9223372036854775807,
|     since some C++ compilers masquerading as C compilers
|     incorrectly reject 9223372036854775807.  */
| #define LARGE_OFF_T (((off_t) 1 << 62) - 1 + ((off_t) 1 << 62))
|   int off_t_is_large[(LARGE_OFF_T % 2147483629 == 721
| 		       && LARGE_OFF_T % 2147483647 == 1)
| 		      ? 1 : -1];
| int
| main ()
| {
| 
|   ;
|   return 0;
| }
configure:12751: clang --sysroot /Users/radvani/Source/ndk-toolchain/android-23/sysroot -c -march=armv7-a  conftest.c >&5
conftest.c:35:22: error: 'off_t_is_large' declared as an array with a negative size
  int off_t_is_large[(LARGE_OFF_T % 2147483629 == 721
                     ^~~~~~~~~~~~~~~~~~~~~~~~~~~~~~~~
1 error generated.
configure:12751: $? = 1
configure: failed program was:
| /* confdefs.h */
| #define PACKAGE_NAME "FreeType"
| #define PACKAGE_TARNAME "freetype"
| #define PACKAGE_VERSION "2.9"
| #define PACKAGE_STRING "FreeType 2.9"
| #define PACKAGE_BUGREPORT "freetype@nongnu.org"
| #define PACKAGE_URL ""
| #define STDC_HEADERS 1
| #define HAVE_SYS_TYPES_H 1
| #define HAVE_SYS_STAT_H 1
| #define HAVE_STDLIB_H 1
| #define HAVE_STRING_H 1
| #define HAVE_MEMORY_H 1
| #define HAVE_STRINGS_H 1
| #define HAVE_INTTYPES_H 1
| #define HAVE_STDINT_H 1
| #define HAVE_UNISTD_H 1
| #define HAVE_DLFCN_H 1
| #define LT_OBJDIR ".libs/"
| #define STDC_HEADERS 1
| #define HAVE_FCNTL_H 1
| #define HAVE_UNISTD_H 1
| #define SIZEOF_INT 4
| #define SIZEOF_LONG 4
| #define HAVE_UNSIGNED_LONG_LONG_INT 1
| #define HAVE_LONG_LONG_INT 1
| /* end confdefs.h.  */
| #define _FILE_OFFSET_BITS 64
| #include <sys/types.h>
|  /* Check that off_t can represent 2**63 - 1 correctly.
|     We can't simply define LARGE_OFF_T to be 9223372036854775807,
|     since some C++ compilers masquerading as C compilers
|     incorrectly reject 9223372036854775807.  */
| #define LARGE_OFF_T (((off_t) 1 << 62) - 1 + ((off_t) 1 << 62))
|   int off_t_is_large[(LARGE_OFF_T % 2147483629 == 721
| 		       && LARGE_OFF_T % 2147483647 == 1)
| 		      ? 1 : -1];
| int
| main ()
| {
| 
|   ;
|   return 0;
| }
configure:12759: result: unknown
configure:12771: checking for _LARGE_FILES value needed for large files
configure:12796: clang --sysroot /Users/radvani/Source/ndk-toolchain/android-23/sysroot -c -march=armv7-a  conftest.c >&5
conftest.c:34:22: error: 'off_t_is_large' declared as an array with a negative size
  int off_t_is_large[(LARGE_OFF_T % 2147483629 == 721
                     ^~~~~~~~~~~~~~~~~~~~~~~~~~~~~~~~
1 error generated.
configure:12796: $? = 1
configure: failed program was:
| /* confdefs.h */
| #define PACKAGE_NAME "FreeType"
| #define PACKAGE_TARNAME "freetype"
| #define PACKAGE_VERSION "2.9"
| #define PACKAGE_STRING "FreeType 2.9"
| #define PACKAGE_BUGREPORT "freetype@nongnu.org"
| #define PACKAGE_URL ""
| #define STDC_HEADERS 1
| #define HAVE_SYS_TYPES_H 1
| #define HAVE_SYS_STAT_H 1
| #define HAVE_STDLIB_H 1
| #define HAVE_STRING_H 1
| #define HAVE_MEMORY_H 1
| #define HAVE_STRINGS_H 1
| #define HAVE_INTTYPES_H 1
| #define HAVE_STDINT_H 1
| #define HAVE_UNISTD_H 1
| #define HAVE_DLFCN_H 1
| #define LT_OBJDIR ".libs/"
| #define STDC_HEADERS 1
| #define HAVE_FCNTL_H 1
| #define HAVE_UNISTD_H 1
| #define SIZEOF_INT 4
| #define SIZEOF_LONG 4
| #define HAVE_UNSIGNED_LONG_LONG_INT 1
| #define HAVE_LONG_LONG_INT 1
| /* end confdefs.h.  */
| #include <sys/types.h>
|  /* Check that off_t can represent 2**63 - 1 correctly.
|     We can't simply define LARGE_OFF_T to be 9223372036854775807,
|     since some C++ compilers masquerading as C compilers
|     incorrectly reject 9223372036854775807.  */
| #define LARGE_OFF_T (((off_t) 1 << 62) - 1 + ((off_t) 1 << 62))
|   int off_t_is_large[(LARGE_OFF_T % 2147483629 == 721
| 		       && LARGE_OFF_T % 2147483647 == 1)
| 		      ? 1 : -1];
| int
| main ()
| {
| 
|   ;
|   return 0;
| }
configure:12820: clang --sysroot /Users/radvani/Source/ndk-toolchain/android-23/sysroot -c -march=armv7-a  conftest.c >&5
conftest.c:35:22: error: 'off_t_is_large' declared as an array with a negative size
  int off_t_is_large[(LARGE_OFF_T % 2147483629 == 721
                     ^~~~~~~~~~~~~~~~~~~~~~~~~~~~~~~~
1 error generated.
configure:12820: $? = 1
configure: failed program was:
| /* confdefs.h */
| #define PACKAGE_NAME "FreeType"
| #define PACKAGE_TARNAME "freetype"
| #define PACKAGE_VERSION "2.9"
| #define PACKAGE_STRING "FreeType 2.9"
| #define PACKAGE_BUGREPORT "freetype@nongnu.org"
| #define PACKAGE_URL ""
| #define STDC_HEADERS 1
| #define HAVE_SYS_TYPES_H 1
| #define HAVE_SYS_STAT_H 1
| #define HAVE_STDLIB_H 1
| #define HAVE_STRING_H 1
| #define HAVE_MEMORY_H 1
| #define HAVE_STRINGS_H 1
| #define HAVE_INTTYPES_H 1
| #define HAVE_STDINT_H 1
| #define HAVE_UNISTD_H 1
| #define HAVE_DLFCN_H 1
| #define LT_OBJDIR ".libs/"
| #define STDC_HEADERS 1
| #define HAVE_FCNTL_H 1
| #define HAVE_UNISTD_H 1
| #define SIZEOF_INT 4
| #define SIZEOF_LONG 4
| #define HAVE_UNSIGNED_LONG_LONG_INT 1
| #define HAVE_LONG_LONG_INT 1
| /* end confdefs.h.  */
| #define _LARGE_FILES 1
| #include <sys/types.h>
|  /* Check that off_t can represent 2**63 - 1 correctly.
|     We can't simply define LARGE_OFF_T to be 9223372036854775807,
|     since some C++ compilers masquerading as C compilers
|     incorrectly reject 9223372036854775807.  */
| #define LARGE_OFF_T (((off_t) 1 << 62) - 1 + ((off_t) 1 << 62))
|   int off_t_is_large[(LARGE_OFF_T % 2147483629 == 721
| 		       && LARGE_OFF_T % 2147483647 == 1)
| 		      ? 1 : -1];
| int
| main ()
| {
| 
|   ;
|   return 0;
| }
configure:12828: result: unknown
configure:12861: checking for stdlib.h
configure:12861: result: yes
configure:12861: checking for unistd.h
configure:12861: result: yes
configure:12861: checking for sys/param.h
configure:12861: clang --sysroot /Users/radvani/Source/ndk-toolchain/android-23/sysroot -c -march=armv7-a  conftest.c >&5
configure:12861: $? = 0
configure:12861: result: yes
configure:12881: checking for getpagesize
configure:12881: clang --sysroot /Users/radvani/Source/ndk-toolchain/android-23/sysroot -o conftest -march=armv7-a  -L/usr/lib -llog conftest.c  >&5
configure:12881: $? = 0
configure:12881: result: yes
configure:12890: checking for working mmap
configure:13047: result: no
configure:13115: checking for memcpy
configure:13115: clang --sysroot /Users/radvani/Source/ndk-toolchain/android-23/sysroot -o conftest -march=armv7-a  -L/usr/lib -llog conftest.c  >&5
conftest.c:55:6: warning: incompatible redeclaration of library function 'memcpy' [-Wincompatible-library-redeclaration]
char memcpy ();
     ^
conftest.c:55:6: note: 'memcpy' is a builtin with type 'void *(void *, const void *, unsigned int)'
1 warning generated.
configure:13115: $? = 0
configure:13115: result: yes
configure:13115: checking for memmove
configure:13115: clang --sysroot /Users/radvani/Source/ndk-toolchain/android-23/sysroot -o conftest -march=armv7-a  -L/usr/lib -llog conftest.c  >&5
conftest.c:56:6: warning: incompatible redeclaration of library function 'memmove' [-Wincompatible-library-redeclaration]
char memmove ();
     ^
conftest.c:56:6: note: 'memmove' is a builtin with type 'void *(void *, const void *, unsigned int)'
1 warning generated.
configure:13115: $? = 0
configure:13115: result: yes
configure:13167: checking gcc compiler flag -ansi to assure ANSI C works correctly
configure:13194: clang --sysroot /Users/radvani/Source/ndk-toolchain/android-23/sysroot -c -march=armv7-a  -ansi  conftest.c >&5
configure:13194: $? = 0
configure:13195: result: ok, adding to XX_ANSIFLAGS
configure:13269: checking for ZLIB
configure:13328: result: no
configure:13354: checking for gzsetparams in -lz
configure:13379: clang --sysroot /Users/radvani/Source/ndk-toolchain/android-23/sysroot -o conftest -march=armv7-a  -L/usr/lib -llog conftest.c -lz   >&5
configure:13379: $? = 0
configure:13388: result: yes
configure:13391: checking zlib.h usability
configure:13391: clang --sysroot /Users/radvani/Source/ndk-toolchain/android-23/sysroot -c -march=armv7-a  conftest.c >&5
configure:13391: $? = 0
configure:13391: result: yes
configure:13391: checking zlib.h presence
configure:13391: clang --sysroot /Users/radvani/Source/ndk-toolchain/android-23/sysroot -E  conftest.c
configure:13391: $? = 0
configure:13391: result: yes
configure:13391: checking for zlib.h
configure:13391: result: yes
configure:13439: checking for BZIP2
configure:13498: result: no
configure:13524: checking for BZ2_bzDecompress in -lbz2
configure:13549: clang --sysroot /Users/radvani/Source/ndk-toolchain/android-23/sysroot -o conftest -march=armv7-a  -L/usr/lib -llog conftest.c -lbz2   >&5
/Users/radvani/Source/ndk-toolchain/android-23/bin/../lib/gcc/arm-linux-androideabi/4.9.x/../../../../arm-linux-androideabi/bin/ld: error: cannot find -lbz2
/var/folders/2j/3970js9s04n7_nr304yqjt480000gn/T/conftest-3f33b1.o:conftest.c:function main: error: undefined reference to 'BZ2_bzDecompress'
clang38: error: linker command failed with exit code 1 (use -v to see invocation)
configure:13549: $? = 1
configure: failed program was:
| /* confdefs.h */
| #define PACKAGE_NAME "FreeType"
| #define PACKAGE_TARNAME "freetype"
| #define PACKAGE_VERSION "2.9"
| #define PACKAGE_STRING "FreeType 2.9"
| #define PACKAGE_BUGREPORT "freetype@nongnu.org"
| #define PACKAGE_URL ""
| #define STDC_HEADERS 1
| #define HAVE_SYS_TYPES_H 1
| #define HAVE_SYS_STAT_H 1
| #define HAVE_STDLIB_H 1
| #define HAVE_STRING_H 1
| #define HAVE_MEMORY_H 1
| #define HAVE_STRINGS_H 1
| #define HAVE_INTTYPES_H 1
| #define HAVE_STDINT_H 1
| #define HAVE_UNISTD_H 1
| #define HAVE_DLFCN_H 1
| #define LT_OBJDIR ".libs/"
| #define STDC_HEADERS 1
| #define HAVE_FCNTL_H 1
| #define HAVE_UNISTD_H 1
| #define SIZEOF_INT 4
| #define SIZEOF_LONG 4
| #define HAVE_UNSIGNED_LONG_LONG_INT 1
| #define HAVE_LONG_LONG_INT 1
| #define HAVE_STDLIB_H 1
| #define HAVE_UNISTD_H 1
| #define HAVE_SYS_PARAM_H 1
| #define HAVE_GETPAGESIZE 1
| #define HAVE_MEMCPY 1
| #define HAVE_MEMMOVE 1
| /* end confdefs.h.  */
| 
| /* Override any GCC internal prototype to avoid an error.
|    Use char because int might match the return type of a GCC
|    builtin and then its argument prototype would still apply.  */
| #ifdef __cplusplus
| extern "C"
| #endif
| char BZ2_bzDecompress ();
| int
| main ()
| {
| return BZ2_bzDecompress ();
|   ;
|   return 0;
| }
configure:13558: result: no
configure:13609: checking for LIBPNG
configure:13668: result: no
configure:13694: checking for libpng-config
configure:13702: result: yes
configure:13745: checking for HARFBUZZ
configure:13804: result: no
configure:13849: checking for library containing clock_gettime
configure:13880: clang --sysroot /Users/radvani/Source/ndk-toolchain/android-23/sysroot -o conftest -march=armv7-a  -L/usr/lib -llog conftest.c  >&5
configure:13880: $? = 0
configure:13897: result: none required
configure:13937: checking whether CFLAGS and LDFLAGS share -march=armv7-a
configure:13944: result: no, copy to LDFLAGS
configure:14728: creating ./config.status

## ---------------------- ##
## Running config.status. ##
## ---------------------- ##

This file was extended by FreeType config.status 2.9, which was
generated by GNU Autoconf 2.69.  Invocation command line was

  CONFIG_FILES    = 
  CONFIG_HEADERS  = 
  CONFIG_LINKS    = 
  CONFIG_COMMANDS = 
  $ ./config.status 

on Rajs-MacBook-Pro-2.local

config.status:1090: creating ftoption.h
config.status:1090: creating unix-cc.mk
config.status:1090: creating unix-def.mk
config.status:1090: creating ftconfig.h
config.status:1285: executing libtool commands
configure:16752: WARNING: unrecognized options: --enable-cross-compile
configure:16764:

Library configuration:
  external zlib: yes (autoconf test)
  bzip2:         no
  libpng:        yes (libpng-config)
  harfbuzz:      no


## ---------------- ##
## Cache variables. ##
## ---------------- ##

ac_cv_build=x86_64-apple-darwin17.4.0
ac_cv_c_compiler_gnu=yes
ac_cv_c_const=yes
ac_cv_env_BZIP2_CFLAGS_set=
ac_cv_env_BZIP2_CFLAGS_value=
ac_cv_env_BZIP2_LIBS_set=
ac_cv_env_BZIP2_LIBS_value=
ac_cv_env_CC_set=set
ac_cv_env_CC_value='clang --sysroot /Users/radvani/Source/ndk-toolchain/android-23/sysroot'
ac_cv_env_CFLAGS_set=set
ac_cv_env_CFLAGS_value=-march=armv7-a
ac_cv_env_CPPFLAGS_set=
ac_cv_env_CPPFLAGS_value=
ac_cv_env_CPP_set=
ac_cv_env_CPP_value=
ac_cv_env_HARFBUZZ_CFLAGS_set=
ac_cv_env_HARFBUZZ_CFLAGS_value=
ac_cv_env_HARFBUZZ_LIBS_set=
ac_cv_env_HARFBUZZ_LIBS_value=
ac_cv_env_LDFLAGS_set=set
ac_cv_env_LDFLAGS_value='-L/usr/lib -llog'
ac_cv_env_LIBPNG_CFLAGS_set=
ac_cv_env_LIBPNG_CFLAGS_value=
ac_cv_env_LIBPNG_LIBS_set=
ac_cv_env_LIBPNG_LIBS_value=
ac_cv_env_LIBS_set=
ac_cv_env_LIBS_value=
ac_cv_env_LT_SYS_LIBRARY_PATH_set=
ac_cv_env_LT_SYS_LIBRARY_PATH_value=
ac_cv_env_PKG_CONFIG_LIBDIR_set=
ac_cv_env_PKG_CONFIG_LIBDIR_value=
ac_cv_env_PKG_CONFIG_PATH_set=
ac_cv_env_PKG_CONFIG_PATH_value=
ac_cv_env_PKG_CONFIG_set=
ac_cv_env_PKG_CONFIG_value=
ac_cv_env_ZLIB_CFLAGS_set=
ac_cv_env_ZLIB_CFLAGS_value=
ac_cv_env_ZLIB_LIBS_set=
ac_cv_env_ZLIB_LIBS_value=
ac_cv_env_build_alias_set=
ac_cv_env_build_alias_value=
ac_cv_env_host_alias_set=set
ac_cv_env_host_alias_value=arm-linux-androideabi
ac_cv_env_target_alias_set=
ac_cv_env_target_alias_value=
ac_cv_func_getpagesize=yes
ac_cv_func_memcpy=yes
ac_cv_func_memmove=yes
ac_cv_func_mmap_fixed_mapped=no
ac_cv_header_dlfcn_h=yes
ac_cv_header_fcntl_h=yes
ac_cv_header_inttypes_h=yes
ac_cv_header_memory_h=yes
ac_cv_header_stdc=yes
ac_cv_header_stdint_h=yes
ac_cv_header_stdlib_h=yes
ac_cv_header_string_h=yes
ac_cv_header_strings_h=yes
ac_cv_header_sys_param_h=yes
ac_cv_header_sys_stat_h=yes
ac_cv_header_sys_types_h=yes
ac_cv_header_unistd_h=yes
ac_cv_header_zlib_h=yes
ac_cv_host=arm-unknown-linux-androideabi
ac_cv_lib_bz2_BZ2_bzDecompress=no
ac_cv_lib_z_gzsetparams=yes
ac_cv_objext=o
ac_cv_path_EGREP='/usr/bin/grep -E'
ac_cv_path_FGREP='/usr/bin/grep -F'
ac_cv_path_GREP=/usr/bin/grep
ac_cv_path_SED=/usr/bin/sed
ac_cv_path_install='/usr/bin/install -c'
ac_cv_path_lt_DD=/bin/dd
ac_cv_prog_AR=aarch64-linux-android-ar
ac_cv_prog_AWK=awk
ac_cv_prog_CC='clang --sysroot /Users/radvani/Source/ndk-toolchain/android-23/sysroot'
ac_cv_prog_CC_BUILD=gcc
ac_cv_prog_CPP='clang --sysroot /Users/radvani/Source/ndk-toolchain/android-23/sysroot -E'
ac_cv_prog_OBJDUMP=arm-linux-androideabi-objdump
ac_cv_prog_RANLIB=arm-linux-androideabi-ranlib
ac_cv_prog_STRIP=aarch64-linux-android-strip
ac_cv_prog_cc_c89=
ac_cv_prog_cc_g=yes
ac_cv_search_clock_gettime='none required'
ac_cv_sizeof_int=4
ac_cv_sizeof_long=4
ac_cv_sys_file_offset_bits=unknown
ac_cv_sys_large_files=unknown
ac_cv_sys_largefile_CC=no
ac_cv_type_long_long_int=yes
ac_cv_type_unsigned_long_long_int=yes
lt_cv_ar_at_file=@
lt_cv_archive_cmds_need_lc=no
lt_cv_deplibs_check_method=pass_all
lt_cv_file_magic_cmd='$MAGIC_CMD'
lt_cv_file_magic_test_file=
lt_cv_ld_reload_flag=-r
lt_cv_nm_interface='BSD nm'
lt_cv_objdir=.libs
lt_cv_path_LD=aarch64-linux-android-ld
lt_cv_path_NM='/Users/radvani/Source/ndk-toolchain/android-23/bin/arm-linux-androideabi-nm -B'
lt_cv_path_mainfest_tool=no
lt_cv_prog_compiler_c_o=yes
lt_cv_prog_compiler_pic='-fPIC -DPIC'
lt_cv_prog_compiler_pic_works=yes
lt_cv_prog_compiler_rtti_exceptions=yes
lt_cv_prog_compiler_static_works=no
lt_cv_prog_gnu_ld=yes
lt_cv_sharedlib_from_linklib_cmd='printf %s\n'
lt_cv_sys_global_symbol_pipe='sed -n -e '\''s/^.*[	 ]\([ABCDGIRSTW][ABCDGIRSTW]*\)[	 ][	 ]*\([_A-Za-z][_A-Za-z0-9]*\)$/\1 \2 \2/p'\'' | sed '\''/ __gnu_lto/d'\'''
lt_cv_sys_global_symbol_to_c_name_address='sed -n -e '\''s/^: \(.*\) .*$/  {"\1", (void *) 0},/p'\'' -e '\''s/^[ABCDGIRSTW][ABCDGIRSTW]* .* \(.*\)$/  {"\1", (void *) \&\1},/p'\'''
lt_cv_sys_global_symbol_to_c_name_address_lib_prefix='sed -n -e '\''s/^: \(.*\) .*$/  {"\1", (void *) 0},/p'\'' -e '\''s/^[ABCDGIRSTW][ABCDGIRSTW]* .* \(lib.*\)$/  {"\1", (void *) \&\1},/p'\'' -e '\''s/^[ABCDGIRSTW][ABCDGIRSTW]* .* \(.*\)$/  {"lib\1", (void *) \&\1},/p'\'''
lt_cv_sys_global_symbol_to_cdecl='sed -n -e '\''s/^T .* \(.*\)$/extern int \1();/p'\'' -e '\''s/^[ABCDGIRSTW][ABCDGIRSTW]* .* \(.*\)$/extern char \1;/p'\'''
lt_cv_sys_global_symbol_to_import=
lt_cv_sys_max_cmd_len=196608
lt_cv_to_host_file_cmd=func_convert_file_noop
lt_cv_to_tool_file_cmd=func_convert_file_noop
lt_cv_truncate_bin='/bin/dd bs=4096 count=1'

## ----------------- ##
## Output variables. ##
## ----------------- ##

AR='aarch64-linux-android-ar'
AS='aarch64-linux-android-clang'
AWK='awk'
BZIP2_CFLAGS=''
BZIP2_LIBS=''
CC='clang --sysroot /Users/radvani/Source/ndk-toolchain/android-23/sysroot'
CC_BUILD='gcc'
CFLAGS='-march=armv7-a  -I/usr/local/Cellar/libpng/1.6.32/include/libpng16'
CPP='clang --sysroot /Users/radvani/Source/ndk-toolchain/android-23/sysroot -E'
CPPFLAGS=''
DEFS='-DHAVE_CONFIG_H'
DLLTOOL='false'
DSYMUTIL=''
DUMPBIN=''
ECHO_C='\c'
ECHO_N=''
ECHO_T=''
EGREP='/usr/bin/grep -E'
EXEEXT=''
EXEEXT_BUILD=''
FGREP='/usr/bin/grep -F'
FTSYS_SRC='$(BASE_DIR)/ftsystem.c'
GREP='/usr/bin/grep'
HARFBUZZ_CFLAGS=''
HARFBUZZ_LIBS=''
INSTALL_DATA='${INSTALL} -m 644'
INSTALL_PROGRAM='${INSTALL}'
INSTALL_SCRIPT='${INSTALL}'
LD='aarch64-linux-android-ld'
LDFLAGS='-L/usr/lib -llog -march=armv7-a -lz -L/usr/local/Cellar/libpng/1.6.32/lib -lpng16'
LIBOBJS=''
LIBPNG_CFLAGS='-I/usr/local/Cellar/libpng/1.6.32/include/libpng16'
LIBPNG_LIBS='-L/usr/local/Cellar/libpng/1.6.32/lib -lpng16'
LIBS=''
LIBSSTATIC_CONFIG='-lfreetype -lz -L/usr/local/Cellar/libpng/1.6.32/lib -lpng16 -lz'
LIBS_PRIVATE='-lz -L/usr/local/Cellar/libpng/1.6.32/lib -lpng16 -lz'
LIBTOOL='$(SHELL) $(top_builddir)/libtool'
LIB_CLOCK_GETTIME=''
LIPO=''
LN_S='ln -s'
LTLIBOBJS=''
LT_SYS_LIBRARY_PATH=''
MANIFEST_TOOL=':'
MKDIR_P='/Users/radvani/Source/ViroFreetype/android/freetype-2.9/builds/unix/./install-sh -c -d'
NM='/Users/radvani/Source/ndk-toolchain/android-23/bin/arm-linux-androideabi-nm -B'
NMEDIT=''
OBJDUMP='arm-linux-androideabi-objdump'
OBJEXT='o'
OTOOL64=''
OTOOL=''
PACKAGE_BUGREPORT='freetype@nongnu.org'
PACKAGE_NAME='FreeType'
PACKAGE_STRING='FreeType 2.9'
PACKAGE_TARNAME='freetype'
PACKAGE_URL=''
PACKAGE_VERSION='2.9'
PATH_SEPARATOR=':'
PKG_CONFIG=''
PKG_CONFIG_LIBDIR=''
PKG_CONFIG_PATH=''
RANLIB='arm-linux-androideabi-ranlib'
REQUIRES_PRIVATE=''
SED='/usr/bin/sed'
SHELL='/bin/sh'
STRIP='aarch64-linux-android-strip'
XX_ANSIFLAGS=' -ansi'
XX_CFLAGS='-Wall'
ZLIB_CFLAGS=''
ZLIB_LIBS='-lz'
ac_ct_AR=''
ac_ct_CC=''
ac_ct_DUMPBIN=''
bindir='${exec_prefix}/bin'
build='x86_64-apple-darwin17.4.0'
build_alias=''
build_cpu='x86_64'
build_libtool_libs=''
build_os='darwin17.4.0'
build_vendor='apple'
datadir='${datarootdir}'
datarootdir='${prefix}/share'
docdir='${datarootdir}/doc/${PACKAGE_TARNAME}'
dvidir='${docdir}'
exec_prefix='${prefix}'
ft_version='22.0.16'
ftmac_c=''
hardcode_libdir_flag_spec='-L$libdir'
host='arm-unknown-linux-androideabi'
host_alias='arm-linux-androideabi'
host_cpu='arm'
host_os='linux-androideabi'
host_vendor='unknown'
htmldir='${docdir}'
includedir='${prefix}/include'
infodir='${datarootdir}/info'
libdir='${exec_prefix}/lib'
libexecdir='${exec_prefix}/libexec'
localedir='${datarootdir}/locale'
localstatedir='${prefix}/var'
mandir='${datarootdir}/man'
oldincludedir='/usr/include'
pdfdir='${docdir}'
prefix='/Users/radvani/Source/ViroFreetype/android/build/armeabi-v7a'
program_transform_name='s,x,x,'
psdir='${docdir}'
sbindir='${exec_prefix}/sbin'
sharedstatedir='${prefix}/com'
sysconfdir='${prefix}/etc'
target_alias=''
version_info='22:0:16'
wl='-Wl,'

## ----------- ##
## confdefs.h. ##
## ----------- ##

/* confdefs.h */
#define PACKAGE_NAME "FreeType"
#define PACKAGE_TARNAME "freetype"
#define PACKAGE_VERSION "2.9"
#define PACKAGE_STRING "FreeType 2.9"
#define PACKAGE_BUGREPORT "freetype@nongnu.org"
#define PACKAGE_URL ""
#define STDC_HEADERS 1
#define HAVE_SYS_TYPES_H 1
#define HAVE_SYS_STAT_H 1
#define HAVE_STDLIB_H 1
#define HAVE_STRING_H 1
#define HAVE_MEMORY_H 1
#define HAVE_STRINGS_H 1
#define HAVE_INTTYPES_H 1
#define HAVE_STDINT_H 1
#define HAVE_UNISTD_H 1
#define HAVE_DLFCN_H 1
#define LT_OBJDIR ".libs/"
#define STDC_HEADERS 1
#define HAVE_FCNTL_H 1
#define HAVE_UNISTD_H 1
#define SIZEOF_INT 4
#define SIZEOF_LONG 4
#define HAVE_UNSIGNED_LONG_LONG_INT 1
#define HAVE_LONG_LONG_INT 1
#define HAVE_STDLIB_H 1
#define HAVE_UNISTD_H 1
#define HAVE_SYS_PARAM_H 1
#define HAVE_GETPAGESIZE 1
#define HAVE_MEMCPY 1
#define HAVE_MEMMOVE 1

configure: exit 0
