This file contains any messages produced by compilers while
running configure, to aid debugging if configure makes a mistake.

It was created by FreeType configure 2.9, which was
generated by GNU Autoconf 2.69.  Invocation command line was

  $ ./configure --build=x86_64-apple-darwin13.0.0 --host=x86_64-apple-darwin13.0.0 --disable-shared --prefix=/Users/radvani/Source/ViroFreetype/ios/build --exec-prefix=/Users/radvani/Source/ViroFreetype/ios/build/platform/x86_64_ios CC=clang CFLAGS=-DNDEBUG -g -O0 -pipe -fPIC -fcxx-exceptions -miphoneos-version-min=9.1 -arch x86_64 -isysroot /Applications/Xcode.app/Contents/Developer/Platforms/iPhoneSimulator.platform/Developer/SDKs/iphonesimulator11.2.sdk CXX=clang CXXFLAGS=-DNDEBUG -g -O0 -pipe -fPIC -fcxx-exceptions -std=c++11 -stdlib=libc++ -arch x86_64 -isysroot /Applications/Xcode.app/Contents/Developer/Platforms/iPhoneSimulator.platform/Developer/SDKs/iphonesimulator11.2.sdk -miphonesimulator-version-min=9.1 LDFLAGS=-arch x86_64 -miphonesimulator-version-min=9.1 -stdlib=libc++ LIBS=-lc++ -lc++abi

## --------- ##
## Platform. ##
## --------- ##

hostname = Rajs-MacBook-Pro-2.local
uname -m = x86_64
uname -r = 17.4.0
uname -s = Darwin
uname -v = Darwin Kernel Version 17.4.0: Sun Dec 17 09:19:54 PST 2017; root:xnu-4570.41.2~1/RELEASE_X86_64

/usr/bin/uname -p = i386
/bin/uname -X     = unknown

/bin/arch              = unknown
/usr/bin/arch -k       = unknown
/usr/convex/getsysinfo = unknown
/usr/bin/hostinfo      = Mach kernel version:
	 Darwin Kernel Version 17.4.0: Sun Dec 17 09:19:54 PST 2017; root:xnu-4570.41.2~1/RELEASE_X86_64
Kernel configured for up to 8 processors.
4 processors are physically available.
8 processors are logically available.
Processor type: x86_64h (Intel x86-64h Haswell)
Processors active: 0 1 2 3 4 5 6 7
Primary memory available: 16.00 gigabytes
Default processor set: 445 tasks, 2647 threads, 8 processors
Load average: 2.98, Mach factor: 5.01
/bin/machine           = unknown
/usr/bin/oslevel       = unknown
/bin/universe          = unknown

PATH: /usr/local/bin
PATH: /usr/bin
PATH: /bin
PATH: /usr/sbin
PATH: /sbin
PATH: /opt/X11/bin
PATH: /Library/Frameworks/Mono.framework/Versions/Current/Commands
PATH: /Users/radvani/Library/Android/sdk/platform-tools/
PATH: /Users/radvani/Library/Android/sdk/build-tools/25.0.0/


## ----------- ##
## Core tests. ##
## ----------- ##

configure:2540: checking build system type
configure:2554: result: x86_64-apple-darwin13.0.0
configure:2574: checking host system type
configure:2587: result: x86_64-apple-darwin13.0.0
configure:2619: checking for x86_64-apple-darwin13.0.0-gcc
configure:2646: result: clang
configure:2915: checking for C compiler version
configure:2924: clang --version >&5
Apple LLVM version 9.0.0 (clang-900.0.39.2)
Target: x86_64-apple-darwin17.4.0
Thread model: posix
InstalledDir: /Applications/Xcode.app/Contents/Developer/Toolchains/XcodeDefault.xctoolchain/usr/bin
configure:2935: $? = 0
configure:2924: clang -v >&5
Apple LLVM version 9.0.0 (clang-900.0.39.2)
Target: x86_64-apple-darwin17.4.0
Thread model: posix
InstalledDir: /Applications/Xcode.app/Contents/Developer/Toolchains/XcodeDefault.xctoolchain/usr/bin
configure:2935: $? = 0
configure:2924: clang -V >&5
clang: error: argument to '-V' is missing (expected 1 value)
clang: error: no input files
configure:2935: $? = 1
configure:2924: clang -qversion >&5
clang: error: unknown argument: '-qversion'
clang: error: no input files
configure:2935: $? = 1
configure:2955: checking whether the C compiler works
configure:2977: clang -DNDEBUG -g -O0 -pipe -fPIC -fcxx-exceptions -miphoneos-version-min=9.1 -arch x86_64 -isysroot /Applications/Xcode.app/Contents/Developer/Platforms/iPhoneSimulator.platform/Developer/SDKs/iphonesimulator11.2.sdk  -arch x86_64 -miphonesimulator-version-min=9.1 -stdlib=libc++ conftest.c -lc++ -lc++abi >&5
clang: warning: using sysroot for 'iphonesimulator' but targeting 'iPhone' [-Wincompatible-sysroot]
configure:2981: $? = 0
configure:3029: result: yes
configure:3032: checking for C compiler default output file name
configure:3034: result: a.out
configure:3040: checking for suffix of executables
configure:3047: clang -o conftest -DNDEBUG -g -O0 -pipe -fPIC -fcxx-exceptions -miphoneos-version-min=9.1 -arch x86_64 -isysroot /Applications/Xcode.app/Contents/Developer/Platforms/iPhoneSimulator.platform/Developer/SDKs/iphonesimulator11.2.sdk  -arch x86_64 -miphonesimulator-version-min=9.1 -stdlib=libc++ conftest.c -lc++ -lc++abi >&5
clang: warning: using sysroot for 'iphonesimulator' but targeting 'iPhone' [-Wincompatible-sysroot]
configure:3051: $? = 0
configure:3073: result: 
configure:3095: checking whether we are cross compiling
configure:3103: clang -o conftest -DNDEBUG -g -O0 -pipe -fPIC -fcxx-exceptions -miphoneos-version-min=9.1 -arch x86_64 -isysroot /Applications/Xcode.app/Contents/Developer/Platforms/iPhoneSimulator.platform/Developer/SDKs/iphonesimulator11.2.sdk  -arch x86_64 -miphonesimulator-version-min=9.1 -stdlib=libc++ conftest.c -lc++ -lc++abi >&5
clang: warning: using sysroot for 'iphonesimulator' but targeting 'iPhone' [-Wincompatible-sysroot]
configure:3107: $? = 0
configure:3114: ./conftest
dyld: mach-o, but built for simulator (not macOS)
./configure: line 3116: 90623 Abort trap: 6           ./conftest$ac_cv_exeext
configure:3118: $? = 134
configure:3125: error: in `/Users/radvani/Source/ViroFreetype/ios/freetype-2.9/builds/unix':
configure:3127: error: cannot run C compiled programs.
If you meant to cross compile, use `--host'.
See `config.log' for more details

## ---------------- ##
## Cache variables. ##
## ---------------- ##

ac_cv_build=x86_64-apple-darwin13.0.0
ac_cv_env_BZIP2_CFLAGS_set=
ac_cv_env_BZIP2_CFLAGS_value=
ac_cv_env_BZIP2_LIBS_set=
ac_cv_env_BZIP2_LIBS_value=
ac_cv_env_CC_set=set
ac_cv_env_CC_value=clang
ac_cv_env_CFLAGS_set=set
ac_cv_env_CFLAGS_value='-DNDEBUG -g -O0 -pipe -fPIC -fcxx-exceptions -miphoneos-version-min=9.1 -arch x86_64 -isysroot /Applications/Xcode.app/Contents/Developer/Platforms/iPhoneSimulator.platform/Developer/SDKs/iphonesimulator11.2.sdk'
ac_cv_env_CPPFLAGS_set=
ac_cv_env_CPPFLAGS_value=
ac_cv_env_CPP_set=
ac_cv_env_CPP_value=
ac_cv_env_HARFBUZZ_CFLAGS_set=
ac_cv_env_HARFBUZZ_CFLAGS_value=
ac_cv_env_HARFBUZZ_LIBS_set=
ac_cv_env_HARFBUZZ_LIBS_value=
ac_cv_env_LDFLAGS_set=set
ac_cv_env_LDFLAGS_value='-arch x86_64 -miphonesimulator-version-min=9.1 -stdlib=libc++'
ac_cv_env_LIBPNG_CFLAGS_set=
ac_cv_env_LIBPNG_CFLAGS_value=
ac_cv_env_LIBPNG_LIBS_set=
ac_cv_env_LIBPNG_LIBS_value=
ac_cv_env_LIBS_set=set
ac_cv_env_LIBS_value='-lc++ -lc++abi'
ac_cv_env_LT_SYS_LIBRARY_PATH_set=
ac_cv_env_LT_SYS_LIBRARY_PATH_value=
ac_cv_env_PKG_CONFIG_LIBDIR_set=
ac_cv_env_PKG_CONFIG_LIBDIR_value=
ac_cv_env_PKG_CONFIG_PATH_set=
ac_cv_env_PKG_CONFIG_PATH_value=
ac_cv_env_PKG_CONFIG_set=
ac_cv_env_PKG_CONFIG_value=
ac_cv_env_ZLIB_CFLAGS_set=
ac_cv_env_ZLIB_CFLAGS_value=
ac_cv_env_ZLIB_LIBS_set=
ac_cv_env_ZLIB_LIBS_value=
ac_cv_env_build_alias_set=set
ac_cv_env_build_alias_value=x86_64-apple-darwin13.0.0
ac_cv_env_host_alias_set=set
ac_cv_env_host_alias_value=x86_64-apple-darwin13.0.0
ac_cv_env_target_alias_set=
ac_cv_env_target_alias_value=
ac_cv_host=x86_64-apple-darwin13.0.0
ac_cv_prog_CC=clang

## ----------------- ##
## Output variables. ##
## ----------------- ##

AR=''
AS=''
AWK=''
BZIP2_CFLAGS=''
BZIP2_LIBS=''
CC='clang'
CC_BUILD=''
CFLAGS='-DNDEBUG -g -O0 -pipe -fPIC -fcxx-exceptions -miphoneos-version-min=9.1 -arch x86_64 -isysroot /Applications/Xcode.app/Contents/Developer/Platforms/iPhoneSimulator.platform/Developer/SDKs/iphonesimulator11.2.sdk'
CPP=''
CPPFLAGS=''
DEFS=''
DLLTOOL=''
DSYMUTIL=''
DUMPBIN=''
ECHO_C='\c'
ECHO_N=''
ECHO_T=''
EGREP=''
EXEEXT=''
EXEEXT_BUILD=''
FGREP=''
FTSYS_SRC=''
GREP=''
HARFBUZZ_CFLAGS=''
HARFBUZZ_LIBS=''
INSTALL_DATA=''
INSTALL_PROGRAM=''
INSTALL_SCRIPT=''
LD=''
LDFLAGS='-arch x86_64 -miphonesimulator-version-min=9.1 -stdlib=libc++'
LIBOBJS=''
LIBPNG_CFLAGS=''
LIBPNG_LIBS=''
LIBS='-lc++ -lc++abi'
LIBSSTATIC_CONFIG=''
LIBS_PRIVATE=''
LIBTOOL=''
LIB_CLOCK_GETTIME=''
LIPO=''
LN_S=''
LTLIBOBJS=''
LT_SYS_LIBRARY_PATH=''
MANIFEST_TOOL=''
MKDIR_P=''
NM=''
NMEDIT=''
OBJDUMP=''
OBJEXT=''
OTOOL64=''
OTOOL=''
PACKAGE_BUGREPORT='freetype@nongnu.org'
PACKAGE_NAME='FreeType'
PACKAGE_STRING='FreeType 2.9'
PACKAGE_TARNAME='freetype'
PACKAGE_URL=''
PACKAGE_VERSION='2.9'
PATH_SEPARATOR=':'
PKG_CONFIG=''
PKG_CONFIG_LIBDIR=''
PKG_CONFIG_PATH=''
RANLIB=''
REQUIRES_PRIVATE=''
SED=''
SHELL='/bin/sh'
STRIP=''
XX_ANSIFLAGS=''
XX_CFLAGS=''
ZLIB_CFLAGS=''
ZLIB_LIBS=''
ac_ct_AR=''
ac_ct_CC=''
ac_ct_DUMPBIN=''
bindir='${exec_prefix}/bin'
build='x86_64-apple-darwin13.0.0'
build_alias='x86_64-apple-darwin13.0.0'
build_cpu='x86_64'
build_libtool_libs=''
build_os='darwin13.0.0'
build_vendor='apple'
datadir='${datarootdir}'
datarootdir='${prefix}/share'
docdir='${datarootdir}/doc/${PACKAGE_TARNAME}'
dvidir='${docdir}'
exec_prefix='/Users/radvani/Source/ViroFreetype/ios/build/platform/x86_64_ios'
ft_version='22.0.16'
ftmac_c=''
hardcode_libdir_flag_spec=''
host='x86_64-apple-darwin13.0.0'
host_alias='x86_64-apple-darwin13.0.0'
host_cpu='x86_64'
host_os='darwin13.0.0'
host_vendor='apple'
htmldir='${docdir}'
includedir='${prefix}/include'
infodir='${datarootdir}/info'
libdir='${exec_prefix}/lib'
libexecdir='${exec_prefix}/libexec'
localedir='${datarootdir}/locale'
localstatedir='${prefix}/var'
mandir='${datarootdir}/man'
oldincludedir='/usr/include'
pdfdir='${docdir}'
prefix='/Users/radvani/Source/ViroFreetype/ios/build'
program_transform_name='s,x,x,'
psdir='${docdir}'
sbindir='${exec_prefix}/sbin'
sharedstatedir='${prefix}/com'
sysconfdir='${prefix}/etc'
target_alias=''
version_info='22:0:16'
wl=''

## ----------- ##
## confdefs.h. ##
## ----------- ##

/* confdefs.h */
#define PACKAGE_NAME "FreeType"
#define PACKAGE_TARNAME "freetype"
#define PACKAGE_VERSION "2.9"
#define PACKAGE_STRING "FreeType 2.9"
#define PACKAGE_BUGREPORT "freetype@nongnu.org"
#define PACKAGE_URL ""

configure: exit 1
